[2025-08-27 05:56:25] local.ERROR: SQLSTATE[42P07]: Duplicate table: 7 ERROR:  relation "users" already exists (Connection: pgsql, SQL: create table "users" ("id" bigserial not null primary key, "name" varchar(255) not null, "email" varchar(255) not null, "email_verified_at" timestamp(0) without time zone null, "password" varchar(255) not null, "remember_token" varchar(100) null, "created_at" timestamp(0) without time zone null, "updated_at" timestamp(0) without time zone null)) {"exception":"[object] (Illuminate\\Database\\QueryException(code: 42P07): SQLSTATE[42P07]: Duplicate table: 7 ERROR:  relation \"users\" already exists (Connection: pgsql, SQL: create table \"users\" (\"id\" bigserial not null primary key, \"name\" varchar(255) not null, \"email\" varchar(255) not null, \"email_verified_at\" timestamp(0) without time zone null, \"password\" varchar(255) not null, \"remember_token\" varchar(100) null, \"created_at\" timestamp(0) without time zone null, \"updated_at\" timestamp(0) without time zone null)) at /home/muu-ima/projects/muu-reservation/backend/vendor/laravel/framework/src/Illuminate/Database/Connection.php:813)
[stacktrace]
#0 /home/muu-ima/projects/muu-reservation/backend/vendor/laravel/framework/src/Illuminate/Database/Connection.php(767): Illuminate\\Database\\Connection->runQueryCallback()
#1 /home/muu-ima/projects/muu-reservation/backend/vendor/laravel/framework/src/Illuminate/Database/Connection.php(560): Illuminate\\Database\\Connection->run()
#2 /home/muu-ima/projects/muu-reservation/backend/vendor/laravel/framework/src/Illuminate/Database/Schema/Blueprint.php(109): Illuminate\\Database\\Connection->statement()
#3 /home/muu-ima/projects/muu-reservation/backend/vendor/laravel/framework/src/Illuminate/Database/Schema/Builder.php(564): Illuminate\\Database\\Schema\\Blueprint->build()
#4 /home/muu-ima/projects/muu-reservation/backend/vendor/laravel/framework/src/Illuminate/Database/Schema/Builder.php(418): Illuminate\\Database\\Schema\\Builder->build()
#5 /home/muu-ima/projects/muu-reservation/backend/vendor/laravel/framework/src/Illuminate/Support/Facades/Facade.php(357): Illuminate\\Database\\Schema\\Builder->create()
#6 /home/muu-ima/projects/muu-reservation/backend/database/migrations/2014_10_12_000000_create_users_table.php(16): Illuminate\\Support\\Facades\\Facade::__callStatic()
#7 /home/muu-ima/projects/muu-reservation/backend/vendor/laravel/framework/src/Illuminate/Database/Migrations/Migrator.php(482): CreateUsersTable->up()
#8 /home/muu-ima/projects/muu-reservation/backend/vendor/laravel/framework/src/Illuminate/Database/Migrations/Migrator.php(408): Illuminate\\Database\\Migrations\\Migrator->runMethod()
#9 /home/muu-ima/projects/muu-reservation/backend/vendor/laravel/framework/src/Illuminate/Database/Concerns/ManagesTransactions.php(30): Illuminate\\Database\\Migrations\\Migrator->Illuminate\\Database\\Migrations\\{closure}()
#10 /home/muu-ima/projects/muu-reservation/backend/vendor/laravel/framework/src/Illuminate/Database/Migrations/Migrator.php(416): Illuminate\\Database\\Connection->transaction()
#11 /home/muu-ima/projects/muu-reservation/backend/vendor/laravel/framework/src/Illuminate/Database/Migrations/Migrator.php(214): Illuminate\\Database\\Migrations\\Migrator->runMigration()
#12 /home/muu-ima/projects/muu-reservation/backend/vendor/laravel/framework/src/Illuminate/Console/View/Components/Task.php(40): Illuminate\\Database\\Migrations\\Migrator->Illuminate\\Database\\Migrations\\{closure}()
#13 /home/muu-ima/projects/muu-reservation/backend/vendor/laravel/framework/src/Illuminate/Database/Migrations/Migrator.php(745): Illuminate\\Console\\View\\Components\\Task->render()
#14 /home/muu-ima/projects/muu-reservation/backend/vendor/laravel/framework/src/Illuminate/Database/Migrations/Migrator.php(214): Illuminate\\Database\\Migrations\\Migrator->write()
#15 /home/muu-ima/projects/muu-reservation/backend/vendor/laravel/framework/src/Illuminate/Database/Migrations/Migrator.php(179): Illuminate\\Database\\Migrations\\Migrator->runUp()
#16 /home/muu-ima/projects/muu-reservation/backend/vendor/laravel/framework/src/Illuminate/Database/Migrations/Migrator.php(122): Illuminate\\Database\\Migrations\\Migrator->runPending()
#17 /home/muu-ima/projects/muu-reservation/backend/vendor/laravel/framework/src/Illuminate/Database/Console/Migrations/MigrateCommand.php(113): Illuminate\\Database\\Migrations\\Migrator->run()
#18 /home/muu-ima/projects/muu-reservation/backend/vendor/laravel/framework/src/Illuminate/Database/Migrations/Migrator.php(622): Illuminate\\Database\\Console\\Migrations\\MigrateCommand->Illuminate\\Database\\Console\\Migrations\\{closure}()
#19 /home/muu-ima/projects/muu-reservation/backend/vendor/laravel/framework/src/Illuminate/Database/Console/Migrations/MigrateCommand.php(106): Illuminate\\Database\\Migrations\\Migrator->usingConnection()
#20 /home/muu-ima/projects/muu-reservation/backend/vendor/laravel/framework/src/Illuminate/Database/Console/Migrations/MigrateCommand.php(85): Illuminate\\Database\\Console\\Migrations\\MigrateCommand->runMigrations()
#21 /home/muu-ima/projects/muu-reservation/backend/vendor/laravel/framework/src/Illuminate/Container/BoundMethod.php(36): Illuminate\\Database\\Console\\Migrations\\MigrateCommand->handle()
#22 /home/muu-ima/projects/muu-reservation/backend/vendor/laravel/framework/src/Illuminate/Container/Util.php(41): Illuminate\\Container\\BoundMethod::Illuminate\\Container\\{closure}()
#23 /home/muu-ima/projects/muu-reservation/backend/vendor/laravel/framework/src/Illuminate/Container/BoundMethod.php(93): Illuminate\\Container\\Util::unwrapIfClosure()
#24 /home/muu-ima/projects/muu-reservation/backend/vendor/laravel/framework/src/Illuminate/Container/BoundMethod.php(35): Illuminate\\Container\\BoundMethod::callBoundMethod()
#25 /home/muu-ima/projects/muu-reservation/backend/vendor/laravel/framework/src/Illuminate/Container/Container.php(662): Illuminate\\Container\\BoundMethod::call()
#26 /home/muu-ima/projects/muu-reservation/backend/vendor/laravel/framework/src/Illuminate/Console/Command.php(212): Illuminate\\Container\\Container->call()
#27 /home/muu-ima/projects/muu-reservation/backend/vendor/symfony/console/Command/Command.php(279): Illuminate\\Console\\Command->execute()
#28 /home/muu-ima/projects/muu-reservation/backend/vendor/laravel/framework/src/Illuminate/Console/Command.php(181): Symfony\\Component\\Console\\Command\\Command->run()
#29 /home/muu-ima/projects/muu-reservation/backend/vendor/symfony/console/Application.php(1049): Illuminate\\Console\\Command->run()
#30 /home/muu-ima/projects/muu-reservation/backend/vendor/symfony/console/Application.php(318): Symfony\\Component\\Console\\Application->doRunCommand()
#31 /home/muu-ima/projects/muu-reservation/backend/vendor/symfony/console/Application.php(169): Symfony\\Component\\Console\\Application->doRun()
#32 /home/muu-ima/projects/muu-reservation/backend/vendor/laravel/framework/src/Illuminate/Foundation/Console/Kernel.php(196): Symfony\\Component\\Console\\Application->run()
#33 /home/muu-ima/projects/muu-reservation/backend/artisan(35): Illuminate\\Foundation\\Console\\Kernel->handle()
#34 {main}

[previous exception] [object] (PDOException(code: 42P07): SQLSTATE[42P07]: Duplicate table: 7 ERROR:  relation \"users\" already exists at /home/muu-ima/projects/muu-reservation/backend/vendor/laravel/framework/src/Illuminate/Database/Connection.php:571)
[stacktrace]
#0 /home/muu-ima/projects/muu-reservation/backend/vendor/laravel/framework/src/Illuminate/Database/Connection.php(571): PDOStatement->execute()
#1 /home/muu-ima/projects/muu-reservation/backend/vendor/laravel/framework/src/Illuminate/Database/Connection.php(800): Illuminate\\Database\\Connection->Illuminate\\Database\\{closure}()
#2 /home/muu-ima/projects/muu-reservation/backend/vendor/laravel/framework/src/Illuminate/Database/Connection.php(767): Illuminate\\Database\\Connection->runQueryCallback()
#3 /home/muu-ima/projects/muu-reservation/backend/vendor/laravel/framework/src/Illuminate/Database/Connection.php(560): Illuminate\\Database\\Connection->run()
#4 /home/muu-ima/projects/muu-reservation/backend/vendor/laravel/framework/src/Illuminate/Database/Schema/Blueprint.php(109): Illuminate\\Database\\Connection->statement()
#5 /home/muu-ima/projects/muu-reservation/backend/vendor/laravel/framework/src/Illuminate/Database/Schema/Builder.php(564): Illuminate\\Database\\Schema\\Blueprint->build()
#6 /home/muu-ima/projects/muu-reservation/backend/vendor/laravel/framework/src/Illuminate/Database/Schema/Builder.php(418): Illuminate\\Database\\Schema\\Builder->build()
#7 /home/muu-ima/projects/muu-reservation/backend/vendor/laravel/framework/src/Illuminate/Support/Facades/Facade.php(357): Illuminate\\Database\\Schema\\Builder->create()
#8 /home/muu-ima/projects/muu-reservation/backend/database/migrations/2014_10_12_000000_create_users_table.php(16): Illuminate\\Support\\Facades\\Facade::__callStatic()
#9 /home/muu-ima/projects/muu-reservation/backend/vendor/laravel/framework/src/Illuminate/Database/Migrations/Migrator.php(482): CreateUsersTable->up()
#10 /home/muu-ima/projects/muu-reservation/backend/vendor/laravel/framework/src/Illuminate/Database/Migrations/Migrator.php(408): Illuminate\\Database\\Migrations\\Migrator->runMethod()
#11 /home/muu-ima/projects/muu-reservation/backend/vendor/laravel/framework/src/Illuminate/Database/Concerns/ManagesTransactions.php(30): Illuminate\\Database\\Migrations\\Migrator->Illuminate\\Database\\Migrations\\{closure}()
#12 /home/muu-ima/projects/muu-reservation/backend/vendor/laravel/framework/src/Illuminate/Database/Migrations/Migrator.php(416): Illuminate\\Database\\Connection->transaction()
#13 /home/muu-ima/projects/muu-reservation/backend/vendor/laravel/framework/src/Illuminate/Database/Migrations/Migrator.php(214): Illuminate\\Database\\Migrations\\Migrator->runMigration()
#14 /home/muu-ima/projects/muu-reservation/backend/vendor/laravel/framework/src/Illuminate/Console/View/Components/Task.php(40): Illuminate\\Database\\Migrations\\Migrator->Illuminate\\Database\\Migrations\\{closure}()
#15 /home/muu-ima/projects/muu-reservation/backend/vendor/laravel/framework/src/Illuminate/Database/Migrations/Migrator.php(745): Illuminate\\Console\\View\\Components\\Task->render()
#16 /home/muu-ima/projects/muu-reservation/backend/vendor/laravel/framework/src/Illuminate/Database/Migrations/Migrator.php(214): Illuminate\\Database\\Migrations\\Migrator->write()
#17 /home/muu-ima/projects/muu-reservation/backend/vendor/laravel/framework/src/Illuminate/Database/Migrations/Migrator.php(179): Illuminate\\Database\\Migrations\\Migrator->runUp()
#18 /home/muu-ima/projects/muu-reservation/backend/vendor/laravel/framework/src/Illuminate/Database/Migrations/Migrator.php(122): Illuminate\\Database\\Migrations\\Migrator->runPending()
#19 /home/muu-ima/projects/muu-reservation/backend/vendor/laravel/framework/src/Illuminate/Database/Console/Migrations/MigrateCommand.php(113): Illuminate\\Database\\Migrations\\Migrator->run()
#20 /home/muu-ima/projects/muu-reservation/backend/vendor/laravel/framework/src/Illuminate/Database/Migrations/Migrator.php(622): Illuminate\\Database\\Console\\Migrations\\MigrateCommand->Illuminate\\Database\\Console\\Migrations\\{closure}()
#21 /home/muu-ima/projects/muu-reservation/backend/vendor/laravel/framework/src/Illuminate/Database/Console/Migrations/MigrateCommand.php(106): Illuminate\\Database\\Migrations\\Migrator->usingConnection()
#22 /home/muu-ima/projects/muu-reservation/backend/vendor/laravel/framework/src/Illuminate/Database/Console/Migrations/MigrateCommand.php(85): Illuminate\\Database\\Console\\Migrations\\MigrateCommand->runMigrations()
#23 /home/muu-ima/projects/muu-reservation/backend/vendor/laravel/framework/src/Illuminate/Container/BoundMethod.php(36): Illuminate\\Database\\Console\\Migrations\\MigrateCommand->handle()
#24 /home/muu-ima/projects/muu-reservation/backend/vendor/laravel/framework/src/Illuminate/Container/Util.php(41): Illuminate\\Container\\BoundMethod::Illuminate\\Container\\{closure}()
#25 /home/muu-ima/projects/muu-reservation/backend/vendor/laravel/framework/src/Illuminate/Container/BoundMethod.php(93): Illuminate\\Container\\Util::unwrapIfClosure()
#26 /home/muu-ima/projects/muu-reservation/backend/vendor/laravel/framework/src/Illuminate/Container/BoundMethod.php(35): Illuminate\\Container\\BoundMethod::callBoundMethod()
#27 /home/muu-ima/projects/muu-reservation/backend/vendor/laravel/framework/src/Illuminate/Container/Container.php(662): Illuminate\\Container\\BoundMethod::call()
#28 /home/muu-ima/projects/muu-reservation/backend/vendor/laravel/framework/src/Illuminate/Console/Command.php(212): Illuminate\\Container\\Container->call()
#29 /home/muu-ima/projects/muu-reservation/backend/vendor/symfony/console/Command/Command.php(279): Illuminate\\Console\\Command->execute()
#30 /home/muu-ima/projects/muu-reservation/backend/vendor/laravel/framework/src/Illuminate/Console/Command.php(181): Symfony\\Component\\Console\\Command\\Command->run()
#31 /home/muu-ima/projects/muu-reservation/backend/vendor/symfony/console/Application.php(1049): Illuminate\\Console\\Command->run()
#32 /home/muu-ima/projects/muu-reservation/backend/vendor/symfony/console/Application.php(318): Symfony\\Component\\Console\\Application->doRunCommand()
#33 /home/muu-ima/projects/muu-reservation/backend/vendor/symfony/console/Application.php(169): Symfony\\Component\\Console\\Application->doRun()
#34 /home/muu-ima/projects/muu-reservation/backend/vendor/laravel/framework/src/Illuminate/Foundation/Console/Kernel.php(196): Symfony\\Component\\Console\\Application->run()
#35 /home/muu-ima/projects/muu-reservation/backend/artisan(35): Illuminate\\Foundation\\Console\\Kernel->handle()
#36 {main}
"} 
