[2025-08-26 02:37:27] local.ERROR: SQLSTATE[08006] [7] connection to server at "localhost" (127.0.0.1), port 5432 failed: Connection refused
	Is the server running on that host and accepting TCP/IP connections?
connection to server at "localhost" (127.0.0.1), port 5432 failed: Connection refused
	Is the server running on that host and accepting TCP/IP connections? (Connection: pgsql, SQL: select c.relname as name, n.nspname as schema, pg_total_relation_size(c.oid) as size, obj_description(c.oid, 'pg_class') as comment from pg_class c, pg_namespace n where c.relkind in ('r', 'p') and n.oid = c.relnamespace and n.nspname not in ('pg_catalog', 'information_schema') order by c.relname) {"exception":"[object] (Illuminate\\Database\\QueryException(code: 7): SQLSTATE[08006] [7] connection to server at \"localhost\" (127.0.0.1), port 5432 failed: Connection refused
\tIs the server running on that host and accepting TCP/IP connections?
connection to server at \"localhost\" (127.0.0.1), port 5432 failed: Connection refused
\tIs the server running on that host and accepting TCP/IP connections? (Connection: pgsql, SQL: select c.relname as name, n.nspname as schema, pg_total_relation_size(c.oid) as size, obj_description(c.oid, 'pg_class') as comment from pg_class c, pg_namespace n where c.relkind in ('r', 'p') and n.oid = c.relnamespace and n.nspname not in ('pg_catalog', 'information_schema') order by c.relname) at /home/muu-ima/projects/muu-reservation/backend/vendor/laravel/framework/src/Illuminate/Database/Connection.php:813)
[stacktrace]
#0 /home/muu-ima/projects/muu-reservation/backend/vendor/laravel/framework/src/Illuminate/Database/Connection.php(767): Illuminate\\Database\\Connection->runQueryCallback()
#1 /home/muu-ima/projects/muu-reservation/backend/vendor/laravel/framework/src/Illuminate/Database/Connection.php(398): Illuminate\\Database\\Connection->run()
#2 /home/muu-ima/projects/muu-reservation/backend/vendor/laravel/framework/src/Illuminate/Database/Connection.php(385): Illuminate\\Database\\Connection->select()
#3 /home/muu-ima/projects/muu-reservation/backend/vendor/laravel/framework/src/Illuminate/Database/Schema/Builder.php(183): Illuminate\\Database\\Connection->selectFromWriteConnection()
#4 /home/muu-ima/projects/muu-reservation/backend/vendor/laravel/framework/src/Illuminate/Database/Schema/PostgresBuilder.php(52): Illuminate\\Database\\Schema\\Builder->getTables()
#5 /home/muu-ima/projects/muu-reservation/backend/vendor/laravel/framework/src/Illuminate/Database/Migrations/DatabaseMigrationRepository.php(184): Illuminate\\Database\\Schema\\PostgresBuilder->hasTable()
#6 /home/muu-ima/projects/muu-reservation/backend/vendor/laravel/framework/src/Illuminate/Database/Migrations/Migrator.php(689): Illuminate\\Database\\Migrations\\DatabaseMigrationRepository->repositoryExists()
#7 /home/muu-ima/projects/muu-reservation/backend/vendor/laravel/framework/src/Illuminate/Database/Console/Migrations/MigrateCommand.php(161): Illuminate\\Database\\Migrations\\Migrator->repositoryExists()
#8 /home/muu-ima/projects/muu-reservation/backend/vendor/laravel/framework/src/Illuminate/Support/helpers.php(286): Illuminate\\Database\\Console\\Migrations\\MigrateCommand->Illuminate\\Database\\Console\\Migrations\\{closure}()
#9 /home/muu-ima/projects/muu-reservation/backend/vendor/laravel/framework/src/Illuminate/Database/Console/Migrations/MigrateCommand.php(161): retry()
#10 /home/muu-ima/projects/muu-reservation/backend/vendor/laravel/framework/src/Illuminate/Database/Console/Migrations/MigrateCommand.php(137): Illuminate\\Database\\Console\\Migrations\\MigrateCommand->repositoryExists()
#11 /home/muu-ima/projects/muu-reservation/backend/vendor/laravel/framework/src/Illuminate/Database/Console/Migrations/MigrateCommand.php(107): Illuminate\\Database\\Console\\Migrations\\MigrateCommand->prepareDatabase()
#12 /home/muu-ima/projects/muu-reservation/backend/vendor/laravel/framework/src/Illuminate/Database/Migrations/Migrator.php(622): Illuminate\\Database\\Console\\Migrations\\MigrateCommand->Illuminate\\Database\\Console\\Migrations\\{closure}()
#13 /home/muu-ima/projects/muu-reservation/backend/vendor/laravel/framework/src/Illuminate/Database/Console/Migrations/MigrateCommand.php(106): Illuminate\\Database\\Migrations\\Migrator->usingConnection()
#14 /home/muu-ima/projects/muu-reservation/backend/vendor/laravel/framework/src/Illuminate/Database/Console/Migrations/MigrateCommand.php(85): Illuminate\\Database\\Console\\Migrations\\MigrateCommand->runMigrations()
#15 /home/muu-ima/projects/muu-reservation/backend/vendor/laravel/framework/src/Illuminate/Container/BoundMethod.php(36): Illuminate\\Database\\Console\\Migrations\\MigrateCommand->handle()
#16 /home/muu-ima/projects/muu-reservation/backend/vendor/laravel/framework/src/Illuminate/Container/Util.php(41): Illuminate\\Container\\BoundMethod::Illuminate\\Container\\{closure}()
#17 /home/muu-ima/projects/muu-reservation/backend/vendor/laravel/framework/src/Illuminate/Container/BoundMethod.php(93): Illuminate\\Container\\Util::unwrapIfClosure()
#18 /home/muu-ima/projects/muu-reservation/backend/vendor/laravel/framework/src/Illuminate/Container/BoundMethod.php(35): Illuminate\\Container\\BoundMethod::callBoundMethod()
#19 /home/muu-ima/projects/muu-reservation/backend/vendor/laravel/framework/src/Illuminate/Container/Container.php(662): Illuminate\\Container\\BoundMethod::call()
#20 /home/muu-ima/projects/muu-reservation/backend/vendor/laravel/framework/src/Illuminate/Console/Command.php(212): Illuminate\\Container\\Container->call()
#21 /home/muu-ima/projects/muu-reservation/backend/vendor/symfony/console/Command/Command.php(279): Illuminate\\Console\\Command->execute()
#22 /home/muu-ima/projects/muu-reservation/backend/vendor/laravel/framework/src/Illuminate/Console/Command.php(181): Symfony\\Component\\Console\\Command\\Command->run()
#23 /home/muu-ima/projects/muu-reservation/backend/vendor/symfony/console/Application.php(1049): Illuminate\\Console\\Command->run()
#24 /home/muu-ima/projects/muu-reservation/backend/vendor/symfony/console/Application.php(318): Symfony\\Component\\Console\\Application->doRunCommand()
#25 /home/muu-ima/projects/muu-reservation/backend/vendor/symfony/console/Application.php(169): Symfony\\Component\\Console\\Application->doRun()
#26 /home/muu-ima/projects/muu-reservation/backend/vendor/laravel/framework/src/Illuminate/Foundation/Console/Kernel.php(196): Symfony\\Component\\Console\\Application->run()
#27 /home/muu-ima/projects/muu-reservation/backend/artisan(35): Illuminate\\Foundation\\Console\\Kernel->handle()
#28 {main}

[previous exception] [object] (PDOException(code: 7): SQLSTATE[08006] [7] connection to server at \"localhost\" (127.0.0.1), port 5432 failed: Connection refused
\tIs the server running on that host and accepting TCP/IP connections?
connection to server at \"localhost\" (127.0.0.1), port 5432 failed: Connection refused
\tIs the server running on that host and accepting TCP/IP connections? at /home/muu-ima/projects/muu-reservation/backend/vendor/laravel/framework/src/Illuminate/Database/Connectors/Connector.php:65)
[stacktrace]
#0 /home/muu-ima/projects/muu-reservation/backend/vendor/laravel/framework/src/Illuminate/Database/Connectors/Connector.php(65): PDO->__construct()
#1 /home/muu-ima/projects/muu-reservation/backend/vendor/laravel/framework/src/Illuminate/Database/Connectors/Connector.php(44): Illuminate\\Database\\Connectors\\Connector->createPdoConnection()
#2 /home/muu-ima/projects/muu-reservation/backend/vendor/laravel/framework/src/Illuminate/Database/Connectors/PostgresConnector.php(35): Illuminate\\Database\\Connectors\\Connector->createConnection()
#3 /home/muu-ima/projects/muu-reservation/backend/vendor/laravel/framework/src/Illuminate/Database/Connectors/ConnectionFactory.php(185): Illuminate\\Database\\Connectors\\PostgresConnector->connect()
#4 [internal function]: Illuminate\\Database\\Connectors\\ConnectionFactory->Illuminate\\Database\\Connectors\\{closure}()
#5 /home/muu-ima/projects/muu-reservation/backend/vendor/laravel/framework/src/Illuminate/Database/Connection.php(1219): call_user_func()
#6 /home/muu-ima/projects/muu-reservation/backend/vendor/laravel/framework/src/Illuminate/Database/Connection.php(512): Illuminate\\Database\\Connection->getPdo()
#7 /home/muu-ima/projects/muu-reservation/backend/vendor/laravel/framework/src/Illuminate/Database/Connection.php(407): Illuminate\\Database\\Connection->getPdoForSelect()
#8 /home/muu-ima/projects/muu-reservation/backend/vendor/laravel/framework/src/Illuminate/Database/Connection.php(800): Illuminate\\Database\\Connection->Illuminate\\Database\\{closure}()
#9 /home/muu-ima/projects/muu-reservation/backend/vendor/laravel/framework/src/Illuminate/Database/Connection.php(767): Illuminate\\Database\\Connection->runQueryCallback()
#10 /home/muu-ima/projects/muu-reservation/backend/vendor/laravel/framework/src/Illuminate/Database/Connection.php(398): Illuminate\\Database\\Connection->run()
#11 /home/muu-ima/projects/muu-reservation/backend/vendor/laravel/framework/src/Illuminate/Database/Connection.php(385): Illuminate\\Database\\Connection->select()
#12 /home/muu-ima/projects/muu-reservation/backend/vendor/laravel/framework/src/Illuminate/Database/Schema/Builder.php(183): Illuminate\\Database\\Connection->selectFromWriteConnection()
#13 /home/muu-ima/projects/muu-reservation/backend/vendor/laravel/framework/src/Illuminate/Database/Schema/PostgresBuilder.php(52): Illuminate\\Database\\Schema\\Builder->getTables()
#14 /home/muu-ima/projects/muu-reservation/backend/vendor/laravel/framework/src/Illuminate/Database/Migrations/DatabaseMigrationRepository.php(184): Illuminate\\Database\\Schema\\PostgresBuilder->hasTable()
#15 /home/muu-ima/projects/muu-reservation/backend/vendor/laravel/framework/src/Illuminate/Database/Migrations/Migrator.php(689): Illuminate\\Database\\Migrations\\DatabaseMigrationRepository->repositoryExists()
#16 /home/muu-ima/projects/muu-reservation/backend/vendor/laravel/framework/src/Illuminate/Database/Console/Migrations/MigrateCommand.php(161): Illuminate\\Database\\Migrations\\Migrator->repositoryExists()
#17 /home/muu-ima/projects/muu-reservation/backend/vendor/laravel/framework/src/Illuminate/Support/helpers.php(286): Illuminate\\Database\\Console\\Migrations\\MigrateCommand->Illuminate\\Database\\Console\\Migrations\\{closure}()
#18 /home/muu-ima/projects/muu-reservation/backend/vendor/laravel/framework/src/Illuminate/Database/Console/Migrations/MigrateCommand.php(161): retry()
#19 /home/muu-ima/projects/muu-reservation/backend/vendor/laravel/framework/src/Illuminate/Database/Console/Migrations/MigrateCommand.php(137): Illuminate\\Database\\Console\\Migrations\\MigrateCommand->repositoryExists()
#20 /home/muu-ima/projects/muu-reservation/backend/vendor/laravel/framework/src/Illuminate/Database/Console/Migrations/MigrateCommand.php(107): Illuminate\\Database\\Console\\Migrations\\MigrateCommand->prepareDatabase()
#21 /home/muu-ima/projects/muu-reservation/backend/vendor/laravel/framework/src/Illuminate/Database/Migrations/Migrator.php(622): Illuminate\\Database\\Console\\Migrations\\MigrateCommand->Illuminate\\Database\\Console\\Migrations\\{closure}()
#22 /home/muu-ima/projects/muu-reservation/backend/vendor/laravel/framework/src/Illuminate/Database/Console/Migrations/MigrateCommand.php(106): Illuminate\\Database\\Migrations\\Migrator->usingConnection()
#23 /home/muu-ima/projects/muu-reservation/backend/vendor/laravel/framework/src/Illuminate/Database/Console/Migrations/MigrateCommand.php(85): Illuminate\\Database\\Console\\Migrations\\MigrateCommand->runMigrations()
#24 /home/muu-ima/projects/muu-reservation/backend/vendor/laravel/framework/src/Illuminate/Container/BoundMethod.php(36): Illuminate\\Database\\Console\\Migrations\\MigrateCommand->handle()
#25 /home/muu-ima/projects/muu-reservation/backend/vendor/laravel/framework/src/Illuminate/Container/Util.php(41): Illuminate\\Container\\BoundMethod::Illuminate\\Container\\{closure}()
#26 /home/muu-ima/projects/muu-reservation/backend/vendor/laravel/framework/src/Illuminate/Container/BoundMethod.php(93): Illuminate\\Container\\Util::unwrapIfClosure()
#27 /home/muu-ima/projects/muu-reservation/backend/vendor/laravel/framework/src/Illuminate/Container/BoundMethod.php(35): Illuminate\\Container\\BoundMethod::callBoundMethod()
#28 /home/muu-ima/projects/muu-reservation/backend/vendor/laravel/framework/src/Illuminate/Container/Container.php(662): Illuminate\\Container\\BoundMethod::call()
#29 /home/muu-ima/projects/muu-reservation/backend/vendor/laravel/framework/src/Illuminate/Console/Command.php(212): Illuminate\\Container\\Container->call()
#30 /home/muu-ima/projects/muu-reservation/backend/vendor/symfony/console/Command/Command.php(279): Illuminate\\Console\\Command->execute()
#31 /home/muu-ima/projects/muu-reservation/backend/vendor/laravel/framework/src/Illuminate/Console/Command.php(181): Symfony\\Component\\Console\\Command\\Command->run()
#32 /home/muu-ima/projects/muu-reservation/backend/vendor/symfony/console/Application.php(1049): Illuminate\\Console\\Command->run()
#33 /home/muu-ima/projects/muu-reservation/backend/vendor/symfony/console/Application.php(318): Symfony\\Component\\Console\\Application->doRunCommand()
#34 /home/muu-ima/projects/muu-reservation/backend/vendor/symfony/console/Application.php(169): Symfony\\Component\\Console\\Application->doRun()
#35 /home/muu-ima/projects/muu-reservation/backend/vendor/laravel/framework/src/Illuminate/Foundation/Console/Kernel.php(196): Symfony\\Component\\Console\\Application->run()
#36 /home/muu-ima/projects/muu-reservation/backend/artisan(35): Illuminate\\Foundation\\Console\\Kernel->handle()
#37 {main}
"} 
[2025-08-26 04:04:33] local.ERROR: SQLSTATE[08006] [7] connection to server at "dpg-d24nlm2li9vc73eg6h40-a.singapore-postgres.render.com" (18.142.152.125), port 5432 failed: FATAL:  password authentication failed for user "muu_stock_db_user" (Connection: pgsql, SQL: select c.relname as name, n.nspname as schema, pg_total_relation_size(c.oid) as size, obj_description(c.oid, 'pg_class') as comment from pg_class c, pg_namespace n where c.relkind in ('r', 'p') and n.oid = c.relnamespace and n.nspname not in ('pg_catalog', 'information_schema') order by c.relname) {"exception":"[object] (Illuminate\\Database\\QueryException(code: 7): SQLSTATE[08006] [7] connection to server at \"dpg-d24nlm2li9vc73eg6h40-a.singapore-postgres.render.com\" (18.142.152.125), port 5432 failed: FATAL:  password authentication failed for user \"muu_stock_db_user\" (Connection: pgsql, SQL: select c.relname as name, n.nspname as schema, pg_total_relation_size(c.oid) as size, obj_description(c.oid, 'pg_class') as comment from pg_class c, pg_namespace n where c.relkind in ('r', 'p') and n.oid = c.relnamespace and n.nspname not in ('pg_catalog', 'information_schema') order by c.relname) at /home/muu-ima/projects/muu-reservation/backend/vendor/laravel/framework/src/Illuminate/Database/Connection.php:813)
[stacktrace]
#0 /home/muu-ima/projects/muu-reservation/backend/vendor/laravel/framework/src/Illuminate/Database/Connection.php(767): Illuminate\\Database\\Connection->runQueryCallback()
#1 /home/muu-ima/projects/muu-reservation/backend/vendor/laravel/framework/src/Illuminate/Database/Connection.php(398): Illuminate\\Database\\Connection->run()
#2 /home/muu-ima/projects/muu-reservation/backend/vendor/laravel/framework/src/Illuminate/Database/Connection.php(385): Illuminate\\Database\\Connection->select()
#3 /home/muu-ima/projects/muu-reservation/backend/vendor/laravel/framework/src/Illuminate/Database/Schema/Builder.php(183): Illuminate\\Database\\Connection->selectFromWriteConnection()
#4 /home/muu-ima/projects/muu-reservation/backend/vendor/laravel/framework/src/Illuminate/Database/Schema/PostgresBuilder.php(52): Illuminate\\Database\\Schema\\Builder->getTables()
#5 /home/muu-ima/projects/muu-reservation/backend/vendor/laravel/framework/src/Illuminate/Database/Migrations/DatabaseMigrationRepository.php(184): Illuminate\\Database\\Schema\\PostgresBuilder->hasTable()
#6 /home/muu-ima/projects/muu-reservation/backend/vendor/laravel/framework/src/Illuminate/Database/Migrations/Migrator.php(689): Illuminate\\Database\\Migrations\\DatabaseMigrationRepository->repositoryExists()
#7 /home/muu-ima/projects/muu-reservation/backend/vendor/laravel/framework/src/Illuminate/Database/Console/Migrations/MigrateCommand.php(161): Illuminate\\Database\\Migrations\\Migrator->repositoryExists()
#8 /home/muu-ima/projects/muu-reservation/backend/vendor/laravel/framework/src/Illuminate/Support/helpers.php(286): Illuminate\\Database\\Console\\Migrations\\MigrateCommand->Illuminate\\Database\\Console\\Migrations\\{closure}()
#9 /home/muu-ima/projects/muu-reservation/backend/vendor/laravel/framework/src/Illuminate/Database/Console/Migrations/MigrateCommand.php(161): retry()
#10 /home/muu-ima/projects/muu-reservation/backend/vendor/laravel/framework/src/Illuminate/Database/Console/Migrations/MigrateCommand.php(137): Illuminate\\Database\\Console\\Migrations\\MigrateCommand->repositoryExists()
#11 /home/muu-ima/projects/muu-reservation/backend/vendor/laravel/framework/src/Illuminate/Database/Console/Migrations/MigrateCommand.php(107): Illuminate\\Database\\Console\\Migrations\\MigrateCommand->prepareDatabase()
#12 /home/muu-ima/projects/muu-reservation/backend/vendor/laravel/framework/src/Illuminate/Database/Migrations/Migrator.php(622): Illuminate\\Database\\Console\\Migrations\\MigrateCommand->Illuminate\\Database\\Console\\Migrations\\{closure}()
#13 /home/muu-ima/projects/muu-reservation/backend/vendor/laravel/framework/src/Illuminate/Database/Console/Migrations/MigrateCommand.php(106): Illuminate\\Database\\Migrations\\Migrator->usingConnection()
#14 /home/muu-ima/projects/muu-reservation/backend/vendor/laravel/framework/src/Illuminate/Database/Console/Migrations/MigrateCommand.php(85): Illuminate\\Database\\Console\\Migrations\\MigrateCommand->runMigrations()
#15 /home/muu-ima/projects/muu-reservation/backend/vendor/laravel/framework/src/Illuminate/Container/BoundMethod.php(36): Illuminate\\Database\\Console\\Migrations\\MigrateCommand->handle()
#16 /home/muu-ima/projects/muu-reservation/backend/vendor/laravel/framework/src/Illuminate/Container/Util.php(41): Illuminate\\Container\\BoundMethod::Illuminate\\Container\\{closure}()
#17 /home/muu-ima/projects/muu-reservation/backend/vendor/laravel/framework/src/Illuminate/Container/BoundMethod.php(93): Illuminate\\Container\\Util::unwrapIfClosure()
#18 /home/muu-ima/projects/muu-reservation/backend/vendor/laravel/framework/src/Illuminate/Container/BoundMethod.php(35): Illuminate\\Container\\BoundMethod::callBoundMethod()
#19 /home/muu-ima/projects/muu-reservation/backend/vendor/laravel/framework/src/Illuminate/Container/Container.php(662): Illuminate\\Container\\BoundMethod::call()
#20 /home/muu-ima/projects/muu-reservation/backend/vendor/laravel/framework/src/Illuminate/Console/Command.php(212): Illuminate\\Container\\Container->call()
#21 /home/muu-ima/projects/muu-reservation/backend/vendor/symfony/console/Command/Command.php(279): Illuminate\\Console\\Command->execute()
#22 /home/muu-ima/projects/muu-reservation/backend/vendor/laravel/framework/src/Illuminate/Console/Command.php(181): Symfony\\Component\\Console\\Command\\Command->run()
#23 /home/muu-ima/projects/muu-reservation/backend/vendor/symfony/console/Application.php(1049): Illuminate\\Console\\Command->run()
#24 /home/muu-ima/projects/muu-reservation/backend/vendor/symfony/console/Application.php(318): Symfony\\Component\\Console\\Application->doRunCommand()
#25 /home/muu-ima/projects/muu-reservation/backend/vendor/symfony/console/Application.php(169): Symfony\\Component\\Console\\Application->doRun()
#26 /home/muu-ima/projects/muu-reservation/backend/vendor/laravel/framework/src/Illuminate/Foundation/Console/Kernel.php(196): Symfony\\Component\\Console\\Application->run()
#27 /home/muu-ima/projects/muu-reservation/backend/artisan(35): Illuminate\\Foundation\\Console\\Kernel->handle()
#28 {main}

[previous exception] [object] (PDOException(code: 7): SQLSTATE[08006] [7] connection to server at \"dpg-d24nlm2li9vc73eg6h40-a.singapore-postgres.render.com\" (18.142.152.125), port 5432 failed: FATAL:  password authentication failed for user \"muu_stock_db_user\" at /home/muu-ima/projects/muu-reservation/backend/vendor/laravel/framework/src/Illuminate/Database/Connectors/Connector.php:65)
[stacktrace]
#0 /home/muu-ima/projects/muu-reservation/backend/vendor/laravel/framework/src/Illuminate/Database/Connectors/Connector.php(65): PDO->__construct()
#1 /home/muu-ima/projects/muu-reservation/backend/vendor/laravel/framework/src/Illuminate/Database/Connectors/Connector.php(44): Illuminate\\Database\\Connectors\\Connector->createPdoConnection()
#2 /home/muu-ima/projects/muu-reservation/backend/vendor/laravel/framework/src/Illuminate/Database/Connectors/PostgresConnector.php(35): Illuminate\\Database\\Connectors\\Connector->createConnection()
#3 /home/muu-ima/projects/muu-reservation/backend/vendor/laravel/framework/src/Illuminate/Database/Connectors/ConnectionFactory.php(185): Illuminate\\Database\\Connectors\\PostgresConnector->connect()
#4 [internal function]: Illuminate\\Database\\Connectors\\ConnectionFactory->Illuminate\\Database\\Connectors\\{closure}()
#5 /home/muu-ima/projects/muu-reservation/backend/vendor/laravel/framework/src/Illuminate/Database/Connection.php(1219): call_user_func()
#6 /home/muu-ima/projects/muu-reservation/backend/vendor/laravel/framework/src/Illuminate/Database/Connection.php(512): Illuminate\\Database\\Connection->getPdo()
#7 /home/muu-ima/projects/muu-reservation/backend/vendor/laravel/framework/src/Illuminate/Database/Connection.php(407): Illuminate\\Database\\Connection->getPdoForSelect()
#8 /home/muu-ima/projects/muu-reservation/backend/vendor/laravel/framework/src/Illuminate/Database/Connection.php(800): Illuminate\\Database\\Connection->Illuminate\\Database\\{closure}()
#9 /home/muu-ima/projects/muu-reservation/backend/vendor/laravel/framework/src/Illuminate/Database/Connection.php(767): Illuminate\\Database\\Connection->runQueryCallback()
#10 /home/muu-ima/projects/muu-reservation/backend/vendor/laravel/framework/src/Illuminate/Database/Connection.php(398): Illuminate\\Database\\Connection->run()
#11 /home/muu-ima/projects/muu-reservation/backend/vendor/laravel/framework/src/Illuminate/Database/Connection.php(385): Illuminate\\Database\\Connection->select()
#12 /home/muu-ima/projects/muu-reservation/backend/vendor/laravel/framework/src/Illuminate/Database/Schema/Builder.php(183): Illuminate\\Database\\Connection->selectFromWriteConnection()
#13 /home/muu-ima/projects/muu-reservation/backend/vendor/laravel/framework/src/Illuminate/Database/Schema/PostgresBuilder.php(52): Illuminate\\Database\\Schema\\Builder->getTables()
#14 /home/muu-ima/projects/muu-reservation/backend/vendor/laravel/framework/src/Illuminate/Database/Migrations/DatabaseMigrationRepository.php(184): Illuminate\\Database\\Schema\\PostgresBuilder->hasTable()
#15 /home/muu-ima/projects/muu-reservation/backend/vendor/laravel/framework/src/Illuminate/Database/Migrations/Migrator.php(689): Illuminate\\Database\\Migrations\\DatabaseMigrationRepository->repositoryExists()
#16 /home/muu-ima/projects/muu-reservation/backend/vendor/laravel/framework/src/Illuminate/Database/Console/Migrations/MigrateCommand.php(161): Illuminate\\Database\\Migrations\\Migrator->repositoryExists()
#17 /home/muu-ima/projects/muu-reservation/backend/vendor/laravel/framework/src/Illuminate/Support/helpers.php(286): Illuminate\\Database\\Console\\Migrations\\MigrateCommand->Illuminate\\Database\\Console\\Migrations\\{closure}()
#18 /home/muu-ima/projects/muu-reservation/backend/vendor/laravel/framework/src/Illuminate/Database/Console/Migrations/MigrateCommand.php(161): retry()
#19 /home/muu-ima/projects/muu-reservation/backend/vendor/laravel/framework/src/Illuminate/Database/Console/Migrations/MigrateCommand.php(137): Illuminate\\Database\\Console\\Migrations\\MigrateCommand->repositoryExists()
#20 /home/muu-ima/projects/muu-reservation/backend/vendor/laravel/framework/src/Illuminate/Database/Console/Migrations/MigrateCommand.php(107): Illuminate\\Database\\Console\\Migrations\\MigrateCommand->prepareDatabase()
#21 /home/muu-ima/projects/muu-reservation/backend/vendor/laravel/framework/src/Illuminate/Database/Migrations/Migrator.php(622): Illuminate\\Database\\Console\\Migrations\\MigrateCommand->Illuminate\\Database\\Console\\Migrations\\{closure}()
#22 /home/muu-ima/projects/muu-reservation/backend/vendor/laravel/framework/src/Illuminate/Database/Console/Migrations/MigrateCommand.php(106): Illuminate\\Database\\Migrations\\Migrator->usingConnection()
#23 /home/muu-ima/projects/muu-reservation/backend/vendor/laravel/framework/src/Illuminate/Database/Console/Migrations/MigrateCommand.php(85): Illuminate\\Database\\Console\\Migrations\\MigrateCommand->runMigrations()
#24 /home/muu-ima/projects/muu-reservation/backend/vendor/laravel/framework/src/Illuminate/Container/BoundMethod.php(36): Illuminate\\Database\\Console\\Migrations\\MigrateCommand->handle()
#25 /home/muu-ima/projects/muu-reservation/backend/vendor/laravel/framework/src/Illuminate/Container/Util.php(41): Illuminate\\Container\\BoundMethod::Illuminate\\Container\\{closure}()
#26 /home/muu-ima/projects/muu-reservation/backend/vendor/laravel/framework/src/Illuminate/Container/BoundMethod.php(93): Illuminate\\Container\\Util::unwrapIfClosure()
#27 /home/muu-ima/projects/muu-reservation/backend/vendor/laravel/framework/src/Illuminate/Container/BoundMethod.php(35): Illuminate\\Container\\BoundMethod::callBoundMethod()
#28 /home/muu-ima/projects/muu-reservation/backend/vendor/laravel/framework/src/Illuminate/Container/Container.php(662): Illuminate\\Container\\BoundMethod::call()
#29 /home/muu-ima/projects/muu-reservation/backend/vendor/laravel/framework/src/Illuminate/Console/Command.php(212): Illuminate\\Container\\Container->call()
#30 /home/muu-ima/projects/muu-reservation/backend/vendor/symfony/console/Command/Command.php(279): Illuminate\\Console\\Command->execute()
#31 /home/muu-ima/projects/muu-reservation/backend/vendor/laravel/framework/src/Illuminate/Console/Command.php(181): Symfony\\Component\\Console\\Command\\Command->run()
#32 /home/muu-ima/projects/muu-reservation/backend/vendor/symfony/console/Application.php(1049): Illuminate\\Console\\Command->run()
#33 /home/muu-ima/projects/muu-reservation/backend/vendor/symfony/console/Application.php(318): Symfony\\Component\\Console\\Application->doRunCommand()
#34 /home/muu-ima/projects/muu-reservation/backend/vendor/symfony/console/Application.php(169): Symfony\\Component\\Console\\Application->doRun()
#35 /home/muu-ima/projects/muu-reservation/backend/vendor/laravel/framework/src/Illuminate/Foundation/Console/Kernel.php(196): Symfony\\Component\\Console\\Application->run()
#36 /home/muu-ima/projects/muu-reservation/backend/artisan(35): Illuminate\\Foundation\\Console\\Kernel->handle()
#37 {main}
"} 
[2025-08-26 04:58:58] local.ERROR: SQLSTATE[08006] [7] connection to server at "dpg-d24nlm2li9vc73eg6h40-a.singapore-postgres.render.com" (18.142.152.125), port 5432 failed: FATAL:  password authentication failed for user "muu_stock_db_user" (Connection: pgsql, SQL: select c.relname as name, n.nspname as schema, pg_total_relation_size(c.oid) as size, obj_description(c.oid, 'pg_class') as comment from pg_class c, pg_namespace n where c.relkind in ('r', 'p') and n.oid = c.relnamespace and n.nspname not in ('pg_catalog', 'information_schema') order by c.relname) {"exception":"[object] (Illuminate\\Database\\QueryException(code: 7): SQLSTATE[08006] [7] connection to server at \"dpg-d24nlm2li9vc73eg6h40-a.singapore-postgres.render.com\" (18.142.152.125), port 5432 failed: FATAL:  password authentication failed for user \"muu_stock_db_user\" (Connection: pgsql, SQL: select c.relname as name, n.nspname as schema, pg_total_relation_size(c.oid) as size, obj_description(c.oid, 'pg_class') as comment from pg_class c, pg_namespace n where c.relkind in ('r', 'p') and n.oid = c.relnamespace and n.nspname not in ('pg_catalog', 'information_schema') order by c.relname) at /home/muu-ima/projects/muu-reservation/backend/vendor/laravel/framework/src/Illuminate/Database/Connection.php:813)
[stacktrace]
#0 /home/muu-ima/projects/muu-reservation/backend/vendor/laravel/framework/src/Illuminate/Database/Connection.php(767): Illuminate\\Database\\Connection->runQueryCallback()
#1 /home/muu-ima/projects/muu-reservation/backend/vendor/laravel/framework/src/Illuminate/Database/Connection.php(398): Illuminate\\Database\\Connection->run()
#2 /home/muu-ima/projects/muu-reservation/backend/vendor/laravel/framework/src/Illuminate/Database/Connection.php(385): Illuminate\\Database\\Connection->select()
#3 /home/muu-ima/projects/muu-reservation/backend/vendor/laravel/framework/src/Illuminate/Database/Schema/Builder.php(183): Illuminate\\Database\\Connection->selectFromWriteConnection()
#4 /home/muu-ima/projects/muu-reservation/backend/vendor/laravel/framework/src/Illuminate/Database/Schema/PostgresBuilder.php(52): Illuminate\\Database\\Schema\\Builder->getTables()
#5 /home/muu-ima/projects/muu-reservation/backend/vendor/laravel/framework/src/Illuminate/Database/Migrations/DatabaseMigrationRepository.php(184): Illuminate\\Database\\Schema\\PostgresBuilder->hasTable()
#6 /home/muu-ima/projects/muu-reservation/backend/vendor/laravel/framework/src/Illuminate/Database/Migrations/Migrator.php(689): Illuminate\\Database\\Migrations\\DatabaseMigrationRepository->repositoryExists()
#7 /home/muu-ima/projects/muu-reservation/backend/vendor/laravel/framework/src/Illuminate/Database/Console/Migrations/MigrateCommand.php(161): Illuminate\\Database\\Migrations\\Migrator->repositoryExists()
#8 /home/muu-ima/projects/muu-reservation/backend/vendor/laravel/framework/src/Illuminate/Support/helpers.php(286): Illuminate\\Database\\Console\\Migrations\\MigrateCommand->Illuminate\\Database\\Console\\Migrations\\{closure}()
#9 /home/muu-ima/projects/muu-reservation/backend/vendor/laravel/framework/src/Illuminate/Database/Console/Migrations/MigrateCommand.php(161): retry()
#10 /home/muu-ima/projects/muu-reservation/backend/vendor/laravel/framework/src/Illuminate/Database/Console/Migrations/MigrateCommand.php(137): Illuminate\\Database\\Console\\Migrations\\MigrateCommand->repositoryExists()
#11 /home/muu-ima/projects/muu-reservation/backend/vendor/laravel/framework/src/Illuminate/Database/Console/Migrations/MigrateCommand.php(107): Illuminate\\Database\\Console\\Migrations\\MigrateCommand->prepareDatabase()
#12 /home/muu-ima/projects/muu-reservation/backend/vendor/laravel/framework/src/Illuminate/Database/Migrations/Migrator.php(622): Illuminate\\Database\\Console\\Migrations\\MigrateCommand->Illuminate\\Database\\Console\\Migrations\\{closure}()
#13 /home/muu-ima/projects/muu-reservation/backend/vendor/laravel/framework/src/Illuminate/Database/Console/Migrations/MigrateCommand.php(106): Illuminate\\Database\\Migrations\\Migrator->usingConnection()
#14 /home/muu-ima/projects/muu-reservation/backend/vendor/laravel/framework/src/Illuminate/Database/Console/Migrations/MigrateCommand.php(85): Illuminate\\Database\\Console\\Migrations\\MigrateCommand->runMigrations()
#15 /home/muu-ima/projects/muu-reservation/backend/vendor/laravel/framework/src/Illuminate/Container/BoundMethod.php(36): Illuminate\\Database\\Console\\Migrations\\MigrateCommand->handle()
#16 /home/muu-ima/projects/muu-reservation/backend/vendor/laravel/framework/src/Illuminate/Container/Util.php(41): Illuminate\\Container\\BoundMethod::Illuminate\\Container\\{closure}()
#17 /home/muu-ima/projects/muu-reservation/backend/vendor/laravel/framework/src/Illuminate/Container/BoundMethod.php(93): Illuminate\\Container\\Util::unwrapIfClosure()
#18 /home/muu-ima/projects/muu-reservation/backend/vendor/laravel/framework/src/Illuminate/Container/BoundMethod.php(35): Illuminate\\Container\\BoundMethod::callBoundMethod()
#19 /home/muu-ima/projects/muu-reservation/backend/vendor/laravel/framework/src/Illuminate/Container/Container.php(662): Illuminate\\Container\\BoundMethod::call()
#20 /home/muu-ima/projects/muu-reservation/backend/vendor/laravel/framework/src/Illuminate/Console/Command.php(212): Illuminate\\Container\\Container->call()
#21 /home/muu-ima/projects/muu-reservation/backend/vendor/symfony/console/Command/Command.php(279): Illuminate\\Console\\Command->execute()
#22 /home/muu-ima/projects/muu-reservation/backend/vendor/laravel/framework/src/Illuminate/Console/Command.php(181): Symfony\\Component\\Console\\Command\\Command->run()
#23 /home/muu-ima/projects/muu-reservation/backend/vendor/symfony/console/Application.php(1049): Illuminate\\Console\\Command->run()
#24 /home/muu-ima/projects/muu-reservation/backend/vendor/symfony/console/Application.php(318): Symfony\\Component\\Console\\Application->doRunCommand()
#25 /home/muu-ima/projects/muu-reservation/backend/vendor/symfony/console/Application.php(169): Symfony\\Component\\Console\\Application->doRun()
#26 /home/muu-ima/projects/muu-reservation/backend/vendor/laravel/framework/src/Illuminate/Foundation/Console/Kernel.php(196): Symfony\\Component\\Console\\Application->run()
#27 /home/muu-ima/projects/muu-reservation/backend/artisan(35): Illuminate\\Foundation\\Console\\Kernel->handle()
#28 {main}

[previous exception] [object] (PDOException(code: 7): SQLSTATE[08006] [7] connection to server at \"dpg-d24nlm2li9vc73eg6h40-a.singapore-postgres.render.com\" (18.142.152.125), port 5432 failed: FATAL:  password authentication failed for user \"muu_stock_db_user\" at /home/muu-ima/projects/muu-reservation/backend/vendor/laravel/framework/src/Illuminate/Database/Connectors/Connector.php:65)
[stacktrace]
#0 /home/muu-ima/projects/muu-reservation/backend/vendor/laravel/framework/src/Illuminate/Database/Connectors/Connector.php(65): PDO->__construct()
#1 /home/muu-ima/projects/muu-reservation/backend/vendor/laravel/framework/src/Illuminate/Database/Connectors/Connector.php(44): Illuminate\\Database\\Connectors\\Connector->createPdoConnection()
#2 /home/muu-ima/projects/muu-reservation/backend/vendor/laravel/framework/src/Illuminate/Database/Connectors/PostgresConnector.php(35): Illuminate\\Database\\Connectors\\Connector->createConnection()
#3 /home/muu-ima/projects/muu-reservation/backend/vendor/laravel/framework/src/Illuminate/Database/Connectors/ConnectionFactory.php(185): Illuminate\\Database\\Connectors\\PostgresConnector->connect()
#4 [internal function]: Illuminate\\Database\\Connectors\\ConnectionFactory->Illuminate\\Database\\Connectors\\{closure}()
#5 /home/muu-ima/projects/muu-reservation/backend/vendor/laravel/framework/src/Illuminate/Database/Connection.php(1219): call_user_func()
#6 /home/muu-ima/projects/muu-reservation/backend/vendor/laravel/framework/src/Illuminate/Database/Connection.php(512): Illuminate\\Database\\Connection->getPdo()
#7 /home/muu-ima/projects/muu-reservation/backend/vendor/laravel/framework/src/Illuminate/Database/Connection.php(407): Illuminate\\Database\\Connection->getPdoForSelect()
#8 /home/muu-ima/projects/muu-reservation/backend/vendor/laravel/framework/src/Illuminate/Database/Connection.php(800): Illuminate\\Database\\Connection->Illuminate\\Database\\{closure}()
#9 /home/muu-ima/projects/muu-reservation/backend/vendor/laravel/framework/src/Illuminate/Database/Connection.php(767): Illuminate\\Database\\Connection->runQueryCallback()
#10 /home/muu-ima/projects/muu-reservation/backend/vendor/laravel/framework/src/Illuminate/Database/Connection.php(398): Illuminate\\Database\\Connection->run()
#11 /home/muu-ima/projects/muu-reservation/backend/vendor/laravel/framework/src/Illuminate/Database/Connection.php(385): Illuminate\\Database\\Connection->select()
#12 /home/muu-ima/projects/muu-reservation/backend/vendor/laravel/framework/src/Illuminate/Database/Schema/Builder.php(183): Illuminate\\Database\\Connection->selectFromWriteConnection()
#13 /home/muu-ima/projects/muu-reservation/backend/vendor/laravel/framework/src/Illuminate/Database/Schema/PostgresBuilder.php(52): Illuminate\\Database\\Schema\\Builder->getTables()
#14 /home/muu-ima/projects/muu-reservation/backend/vendor/laravel/framework/src/Illuminate/Database/Migrations/DatabaseMigrationRepository.php(184): Illuminate\\Database\\Schema\\PostgresBuilder->hasTable()
#15 /home/muu-ima/projects/muu-reservation/backend/vendor/laravel/framework/src/Illuminate/Database/Migrations/Migrator.php(689): Illuminate\\Database\\Migrations\\DatabaseMigrationRepository->repositoryExists()
#16 /home/muu-ima/projects/muu-reservation/backend/vendor/laravel/framework/src/Illuminate/Database/Console/Migrations/MigrateCommand.php(161): Illuminate\\Database\\Migrations\\Migrator->repositoryExists()
#17 /home/muu-ima/projects/muu-reservation/backend/vendor/laravel/framework/src/Illuminate/Support/helpers.php(286): Illuminate\\Database\\Console\\Migrations\\MigrateCommand->Illuminate\\Database\\Console\\Migrations\\{closure}()
#18 /home/muu-ima/projects/muu-reservation/backend/vendor/laravel/framework/src/Illuminate/Database/Console/Migrations/MigrateCommand.php(161): retry()
#19 /home/muu-ima/projects/muu-reservation/backend/vendor/laravel/framework/src/Illuminate/Database/Console/Migrations/MigrateCommand.php(137): Illuminate\\Database\\Console\\Migrations\\MigrateCommand->repositoryExists()
#20 /home/muu-ima/projects/muu-reservation/backend/vendor/laravel/framework/src/Illuminate/Database/Console/Migrations/MigrateCommand.php(107): Illuminate\\Database\\Console\\Migrations\\MigrateCommand->prepareDatabase()
#21 /home/muu-ima/projects/muu-reservation/backend/vendor/laravel/framework/src/Illuminate/Database/Migrations/Migrator.php(622): Illuminate\\Database\\Console\\Migrations\\MigrateCommand->Illuminate\\Database\\Console\\Migrations\\{closure}()
#22 /home/muu-ima/projects/muu-reservation/backend/vendor/laravel/framework/src/Illuminate/Database/Console/Migrations/MigrateCommand.php(106): Illuminate\\Database\\Migrations\\Migrator->usingConnection()
#23 /home/muu-ima/projects/muu-reservation/backend/vendor/laravel/framework/src/Illuminate/Database/Console/Migrations/MigrateCommand.php(85): Illuminate\\Database\\Console\\Migrations\\MigrateCommand->runMigrations()
#24 /home/muu-ima/projects/muu-reservation/backend/vendor/laravel/framework/src/Illuminate/Container/BoundMethod.php(36): Illuminate\\Database\\Console\\Migrations\\MigrateCommand->handle()
#25 /home/muu-ima/projects/muu-reservation/backend/vendor/laravel/framework/src/Illuminate/Container/Util.php(41): Illuminate\\Container\\BoundMethod::Illuminate\\Container\\{closure}()
#26 /home/muu-ima/projects/muu-reservation/backend/vendor/laravel/framework/src/Illuminate/Container/BoundMethod.php(93): Illuminate\\Container\\Util::unwrapIfClosure()
#27 /home/muu-ima/projects/muu-reservation/backend/vendor/laravel/framework/src/Illuminate/Container/BoundMethod.php(35): Illuminate\\Container\\BoundMethod::callBoundMethod()
#28 /home/muu-ima/projects/muu-reservation/backend/vendor/laravel/framework/src/Illuminate/Container/Container.php(662): Illuminate\\Container\\BoundMethod::call()
#29 /home/muu-ima/projects/muu-reservation/backend/vendor/laravel/framework/src/Illuminate/Console/Command.php(212): Illuminate\\Container\\Container->call()
#30 /home/muu-ima/projects/muu-reservation/backend/vendor/symfony/console/Command/Command.php(279): Illuminate\\Console\\Command->execute()
#31 /home/muu-ima/projects/muu-reservation/backend/vendor/laravel/framework/src/Illuminate/Console/Command.php(181): Symfony\\Component\\Console\\Command\\Command->run()
#32 /home/muu-ima/projects/muu-reservation/backend/vendor/symfony/console/Application.php(1049): Illuminate\\Console\\Command->run()
#33 /home/muu-ima/projects/muu-reservation/backend/vendor/symfony/console/Application.php(318): Symfony\\Component\\Console\\Application->doRunCommand()
#34 /home/muu-ima/projects/muu-reservation/backend/vendor/symfony/console/Application.php(169): Symfony\\Component\\Console\\Application->doRun()
#35 /home/muu-ima/projects/muu-reservation/backend/vendor/laravel/framework/src/Illuminate/Foundation/Console/Kernel.php(196): Symfony\\Component\\Console\\Application->run()
#36 /home/muu-ima/projects/muu-reservation/backend/artisan(35): Illuminate\\Foundation\\Console\\Kernel->handle()
#37 {main}
"} 
[2025-08-26 05:03:52] local.ERROR: Command "migrte" is not defined.

Did you mean one of these?
    migrate
    migrate:fresh
    migrate:install
    migrate:refresh
    migrate:reset
    migrate:rollback
    migrate:status {"exception":"[object] (Symfony\\Component\\Console\\Exception\\CommandNotFoundException(code: 0): Command \"migrte\" is not defined.

Did you mean one of these?
    migrate
    migrate:fresh
    migrate:install
    migrate:refresh
    migrate:reset
    migrate:rollback
    migrate:status at /home/muu-ima/projects/muu-reservation/backend/vendor/symfony/console/Application.php:704)
[stacktrace]
#0 /home/muu-ima/projects/muu-reservation/backend/vendor/symfony/console/Application.php(260): Symfony\\Component\\Console\\Application->find()
#1 /home/muu-ima/projects/muu-reservation/backend/vendor/symfony/console/Application.php(169): Symfony\\Component\\Console\\Application->doRun()
#2 /home/muu-ima/projects/muu-reservation/backend/vendor/laravel/framework/src/Illuminate/Foundation/Console/Kernel.php(196): Symfony\\Component\\Console\\Application->run()
#3 /home/muu-ima/projects/muu-reservation/backend/artisan(35): Illuminate\\Foundation\\Console\\Kernel->handle()
#4 {main}
"} 
[2025-08-26 05:08:39] local.ERROR: SQLSTATE[42P07]: Duplicate table: 7 ERROR:  relation "users" already exists (Connection: pgsql, SQL: create table "users" ("id" bigserial not null primary key, "name" varchar(255) not null, "email" varchar(255) not null, "email_verified_at" timestamp(0) without time zone null, "password" varchar(255) not null, "remember_token" varchar(100) null, "created_at" timestamp(0) without time zone null, "updated_at" timestamp(0) without time zone null)) {"exception":"[object] (Illuminate\\Database\\QueryException(code: 42P07): SQLSTATE[42P07]: Duplicate table: 7 ERROR:  relation \"users\" already exists (Connection: pgsql, SQL: create table \"users\" (\"id\" bigserial not null primary key, \"name\" varchar(255) not null, \"email\" varchar(255) not null, \"email_verified_at\" timestamp(0) without time zone null, \"password\" varchar(255) not null, \"remember_token\" varchar(100) null, \"created_at\" timestamp(0) without time zone null, \"updated_at\" timestamp(0) without time zone null)) at /home/muu-ima/projects/muu-reservation/backend/vendor/laravel/framework/src/Illuminate/Database/Connection.php:813)
[stacktrace]
#0 /home/muu-ima/projects/muu-reservation/backend/vendor/laravel/framework/src/Illuminate/Database/Connection.php(767): Illuminate\\Database\\Connection->runQueryCallback()
#1 /home/muu-ima/projects/muu-reservation/backend/vendor/laravel/framework/src/Illuminate/Database/Connection.php(560): Illuminate\\Database\\Connection->run()
#2 /home/muu-ima/projects/muu-reservation/backend/vendor/laravel/framework/src/Illuminate/Database/Schema/Blueprint.php(109): Illuminate\\Database\\Connection->statement()
#3 /home/muu-ima/projects/muu-reservation/backend/vendor/laravel/framework/src/Illuminate/Database/Schema/Builder.php(564): Illuminate\\Database\\Schema\\Blueprint->build()
#4 /home/muu-ima/projects/muu-reservation/backend/vendor/laravel/framework/src/Illuminate/Database/Schema/Builder.php(418): Illuminate\\Database\\Schema\\Builder->build()
#5 /home/muu-ima/projects/muu-reservation/backend/vendor/laravel/framework/src/Illuminate/Support/Facades/Facade.php(357): Illuminate\\Database\\Schema\\Builder->create()
#6 /home/muu-ima/projects/muu-reservation/backend/database/migrations/2014_10_12_000000_create_users_table.php(16): Illuminate\\Support\\Facades\\Facade::__callStatic()
#7 /home/muu-ima/projects/muu-reservation/backend/vendor/laravel/framework/src/Illuminate/Database/Migrations/Migrator.php(482): CreateUsersTable->up()
#8 /home/muu-ima/projects/muu-reservation/backend/vendor/laravel/framework/src/Illuminate/Database/Migrations/Migrator.php(408): Illuminate\\Database\\Migrations\\Migrator->runMethod()
#9 /home/muu-ima/projects/muu-reservation/backend/vendor/laravel/framework/src/Illuminate/Database/Concerns/ManagesTransactions.php(30): Illuminate\\Database\\Migrations\\Migrator->Illuminate\\Database\\Migrations\\{closure}()
#10 /home/muu-ima/projects/muu-reservation/backend/vendor/laravel/framework/src/Illuminate/Database/Migrations/Migrator.php(416): Illuminate\\Database\\Connection->transaction()
#11 /home/muu-ima/projects/muu-reservation/backend/vendor/laravel/framework/src/Illuminate/Database/Migrations/Migrator.php(214): Illuminate\\Database\\Migrations\\Migrator->runMigration()
#12 /home/muu-ima/projects/muu-reservation/backend/vendor/laravel/framework/src/Illuminate/Console/View/Components/Task.php(40): Illuminate\\Database\\Migrations\\Migrator->Illuminate\\Database\\Migrations\\{closure}()
#13 /home/muu-ima/projects/muu-reservation/backend/vendor/laravel/framework/src/Illuminate/Database/Migrations/Migrator.php(745): Illuminate\\Console\\View\\Components\\Task->render()
#14 /home/muu-ima/projects/muu-reservation/backend/vendor/laravel/framework/src/Illuminate/Database/Migrations/Migrator.php(214): Illuminate\\Database\\Migrations\\Migrator->write()
#15 /home/muu-ima/projects/muu-reservation/backend/vendor/laravel/framework/src/Illuminate/Database/Migrations/Migrator.php(179): Illuminate\\Database\\Migrations\\Migrator->runUp()
#16 /home/muu-ima/projects/muu-reservation/backend/vendor/laravel/framework/src/Illuminate/Database/Migrations/Migrator.php(122): Illuminate\\Database\\Migrations\\Migrator->runPending()
#17 /home/muu-ima/projects/muu-reservation/backend/vendor/laravel/framework/src/Illuminate/Database/Console/Migrations/MigrateCommand.php(113): Illuminate\\Database\\Migrations\\Migrator->run()
#18 /home/muu-ima/projects/muu-reservation/backend/vendor/laravel/framework/src/Illuminate/Database/Migrations/Migrator.php(622): Illuminate\\Database\\Console\\Migrations\\MigrateCommand->Illuminate\\Database\\Console\\Migrations\\{closure}()
#19 /home/muu-ima/projects/muu-reservation/backend/vendor/laravel/framework/src/Illuminate/Database/Console/Migrations/MigrateCommand.php(106): Illuminate\\Database\\Migrations\\Migrator->usingConnection()
#20 /home/muu-ima/projects/muu-reservation/backend/vendor/laravel/framework/src/Illuminate/Database/Console/Migrations/MigrateCommand.php(85): Illuminate\\Database\\Console\\Migrations\\MigrateCommand->runMigrations()
#21 /home/muu-ima/projects/muu-reservation/backend/vendor/laravel/framework/src/Illuminate/Container/BoundMethod.php(36): Illuminate\\Database\\Console\\Migrations\\MigrateCommand->handle()
#22 /home/muu-ima/projects/muu-reservation/backend/vendor/laravel/framework/src/Illuminate/Container/Util.php(41): Illuminate\\Container\\BoundMethod::Illuminate\\Container\\{closure}()
#23 /home/muu-ima/projects/muu-reservation/backend/vendor/laravel/framework/src/Illuminate/Container/BoundMethod.php(93): Illuminate\\Container\\Util::unwrapIfClosure()
#24 /home/muu-ima/projects/muu-reservation/backend/vendor/laravel/framework/src/Illuminate/Container/BoundMethod.php(35): Illuminate\\Container\\BoundMethod::callBoundMethod()
#25 /home/muu-ima/projects/muu-reservation/backend/vendor/laravel/framework/src/Illuminate/Container/Container.php(662): Illuminate\\Container\\BoundMethod::call()
#26 /home/muu-ima/projects/muu-reservation/backend/vendor/laravel/framework/src/Illuminate/Console/Command.php(212): Illuminate\\Container\\Container->call()
#27 /home/muu-ima/projects/muu-reservation/backend/vendor/symfony/console/Command/Command.php(279): Illuminate\\Console\\Command->execute()
#28 /home/muu-ima/projects/muu-reservation/backend/vendor/laravel/framework/src/Illuminate/Console/Command.php(181): Symfony\\Component\\Console\\Command\\Command->run()
#29 /home/muu-ima/projects/muu-reservation/backend/vendor/symfony/console/Application.php(1049): Illuminate\\Console\\Command->run()
#30 /home/muu-ima/projects/muu-reservation/backend/vendor/symfony/console/Application.php(318): Symfony\\Component\\Console\\Application->doRunCommand()
#31 /home/muu-ima/projects/muu-reservation/backend/vendor/symfony/console/Application.php(169): Symfony\\Component\\Console\\Application->doRun()
#32 /home/muu-ima/projects/muu-reservation/backend/vendor/laravel/framework/src/Illuminate/Foundation/Console/Kernel.php(196): Symfony\\Component\\Console\\Application->run()
#33 /home/muu-ima/projects/muu-reservation/backend/artisan(35): Illuminate\\Foundation\\Console\\Kernel->handle()
#34 {main}

[previous exception] [object] (PDOException(code: 42P07): SQLSTATE[42P07]: Duplicate table: 7 ERROR:  relation \"users\" already exists at /home/muu-ima/projects/muu-reservation/backend/vendor/laravel/framework/src/Illuminate/Database/Connection.php:571)
[stacktrace]
#0 /home/muu-ima/projects/muu-reservation/backend/vendor/laravel/framework/src/Illuminate/Database/Connection.php(571): PDOStatement->execute()
#1 /home/muu-ima/projects/muu-reservation/backend/vendor/laravel/framework/src/Illuminate/Database/Connection.php(800): Illuminate\\Database\\Connection->Illuminate\\Database\\{closure}()
#2 /home/muu-ima/projects/muu-reservation/backend/vendor/laravel/framework/src/Illuminate/Database/Connection.php(767): Illuminate\\Database\\Connection->runQueryCallback()
#3 /home/muu-ima/projects/muu-reservation/backend/vendor/laravel/framework/src/Illuminate/Database/Connection.php(560): Illuminate\\Database\\Connection->run()
#4 /home/muu-ima/projects/muu-reservation/backend/vendor/laravel/framework/src/Illuminate/Database/Schema/Blueprint.php(109): Illuminate\\Database\\Connection->statement()
#5 /home/muu-ima/projects/muu-reservation/backend/vendor/laravel/framework/src/Illuminate/Database/Schema/Builder.php(564): Illuminate\\Database\\Schema\\Blueprint->build()
#6 /home/muu-ima/projects/muu-reservation/backend/vendor/laravel/framework/src/Illuminate/Database/Schema/Builder.php(418): Illuminate\\Database\\Schema\\Builder->build()
#7 /home/muu-ima/projects/muu-reservation/backend/vendor/laravel/framework/src/Illuminate/Support/Facades/Facade.php(357): Illuminate\\Database\\Schema\\Builder->create()
#8 /home/muu-ima/projects/muu-reservation/backend/database/migrations/2014_10_12_000000_create_users_table.php(16): Illuminate\\Support\\Facades\\Facade::__callStatic()
#9 /home/muu-ima/projects/muu-reservation/backend/vendor/laravel/framework/src/Illuminate/Database/Migrations/Migrator.php(482): CreateUsersTable->up()
#10 /home/muu-ima/projects/muu-reservation/backend/vendor/laravel/framework/src/Illuminate/Database/Migrations/Migrator.php(408): Illuminate\\Database\\Migrations\\Migrator->runMethod()
#11 /home/muu-ima/projects/muu-reservation/backend/vendor/laravel/framework/src/Illuminate/Database/Concerns/ManagesTransactions.php(30): Illuminate\\Database\\Migrations\\Migrator->Illuminate\\Database\\Migrations\\{closure}()
#12 /home/muu-ima/projects/muu-reservation/backend/vendor/laravel/framework/src/Illuminate/Database/Migrations/Migrator.php(416): Illuminate\\Database\\Connection->transaction()
#13 /home/muu-ima/projects/muu-reservation/backend/vendor/laravel/framework/src/Illuminate/Database/Migrations/Migrator.php(214): Illuminate\\Database\\Migrations\\Migrator->runMigration()
#14 /home/muu-ima/projects/muu-reservation/backend/vendor/laravel/framework/src/Illuminate/Console/View/Components/Task.php(40): Illuminate\\Database\\Migrations\\Migrator->Illuminate\\Database\\Migrations\\{closure}()
#15 /home/muu-ima/projects/muu-reservation/backend/vendor/laravel/framework/src/Illuminate/Database/Migrations/Migrator.php(745): Illuminate\\Console\\View\\Components\\Task->render()
#16 /home/muu-ima/projects/muu-reservation/backend/vendor/laravel/framework/src/Illuminate/Database/Migrations/Migrator.php(214): Illuminate\\Database\\Migrations\\Migrator->write()
#17 /home/muu-ima/projects/muu-reservation/backend/vendor/laravel/framework/src/Illuminate/Database/Migrations/Migrator.php(179): Illuminate\\Database\\Migrations\\Migrator->runUp()
#18 /home/muu-ima/projects/muu-reservation/backend/vendor/laravel/framework/src/Illuminate/Database/Migrations/Migrator.php(122): Illuminate\\Database\\Migrations\\Migrator->runPending()
#19 /home/muu-ima/projects/muu-reservation/backend/vendor/laravel/framework/src/Illuminate/Database/Console/Migrations/MigrateCommand.php(113): Illuminate\\Database\\Migrations\\Migrator->run()
#20 /home/muu-ima/projects/muu-reservation/backend/vendor/laravel/framework/src/Illuminate/Database/Migrations/Migrator.php(622): Illuminate\\Database\\Console\\Migrations\\MigrateCommand->Illuminate\\Database\\Console\\Migrations\\{closure}()
#21 /home/muu-ima/projects/muu-reservation/backend/vendor/laravel/framework/src/Illuminate/Database/Console/Migrations/MigrateCommand.php(106): Illuminate\\Database\\Migrations\\Migrator->usingConnection()
#22 /home/muu-ima/projects/muu-reservation/backend/vendor/laravel/framework/src/Illuminate/Database/Console/Migrations/MigrateCommand.php(85): Illuminate\\Database\\Console\\Migrations\\MigrateCommand->runMigrations()
#23 /home/muu-ima/projects/muu-reservation/backend/vendor/laravel/framework/src/Illuminate/Container/BoundMethod.php(36): Illuminate\\Database\\Console\\Migrations\\MigrateCommand->handle()
#24 /home/muu-ima/projects/muu-reservation/backend/vendor/laravel/framework/src/Illuminate/Container/Util.php(41): Illuminate\\Container\\BoundMethod::Illuminate\\Container\\{closure}()
#25 /home/muu-ima/projects/muu-reservation/backend/vendor/laravel/framework/src/Illuminate/Container/BoundMethod.php(93): Illuminate\\Container\\Util::unwrapIfClosure()
#26 /home/muu-ima/projects/muu-reservation/backend/vendor/laravel/framework/src/Illuminate/Container/BoundMethod.php(35): Illuminate\\Container\\BoundMethod::callBoundMethod()
#27 /home/muu-ima/projects/muu-reservation/backend/vendor/laravel/framework/src/Illuminate/Container/Container.php(662): Illuminate\\Container\\BoundMethod::call()
#28 /home/muu-ima/projects/muu-reservation/backend/vendor/laravel/framework/src/Illuminate/Console/Command.php(212): Illuminate\\Container\\Container->call()
#29 /home/muu-ima/projects/muu-reservation/backend/vendor/symfony/console/Command/Command.php(279): Illuminate\\Console\\Command->execute()
#30 /home/muu-ima/projects/muu-reservation/backend/vendor/laravel/framework/src/Illuminate/Console/Command.php(181): Symfony\\Component\\Console\\Command\\Command->run()
#31 /home/muu-ima/projects/muu-reservation/backend/vendor/symfony/console/Application.php(1049): Illuminate\\Console\\Command->run()
#32 /home/muu-ima/projects/muu-reservation/backend/vendor/symfony/console/Application.php(318): Symfony\\Component\\Console\\Application->doRunCommand()
#33 /home/muu-ima/projects/muu-reservation/backend/vendor/symfony/console/Application.php(169): Symfony\\Component\\Console\\Application->doRun()
#34 /home/muu-ima/projects/muu-reservation/backend/vendor/laravel/framework/src/Illuminate/Foundation/Console/Kernel.php(196): Symfony\\Component\\Console\\Application->run()
#35 /home/muu-ima/projects/muu-reservation/backend/artisan(35): Illuminate\\Foundation\\Console\\Kernel->handle()
#36 {main}
"} 
[2025-08-26 05:53:30] local.ERROR: Undefined variable $data {"exception":"[object] (ErrorException(code: 0): Undefined variable $data at /home/muu-ima/projects/muu-reservation/backend/routes/api.php:63)
[stacktrace]
#0 /home/muu-ima/projects/muu-reservation/backend/vendor/laravel/framework/src/Illuminate/Foundation/Bootstrap/HandleExceptions.php(256): Illuminate\\Foundation\\Bootstrap\\HandleExceptions->handleError()
#1 /home/muu-ima/projects/muu-reservation/backend/routes/api.php(63): Illuminate\\Foundation\\Bootstrap\\HandleExceptions->Illuminate\\Foundation\\Bootstrap\\{closure}()
#2 /home/muu-ima/projects/muu-reservation/backend/vendor/laravel/framework/src/Illuminate/Routing/CallableDispatcher.php(40): Illuminate\\Routing\\RouteFileRegistrar->{closure}()
#3 /home/muu-ima/projects/muu-reservation/backend/vendor/laravel/framework/src/Illuminate/Routing/Route.php(238): Illuminate\\Routing\\CallableDispatcher->dispatch()
#4 /home/muu-ima/projects/muu-reservation/backend/vendor/laravel/framework/src/Illuminate/Routing/Route.php(209): Illuminate\\Routing\\Route->runCallable()
#5 /home/muu-ima/projects/muu-reservation/backend/vendor/laravel/framework/src/Illuminate/Routing/Router.php(806): Illuminate\\Routing\\Route->run()
#6 /home/muu-ima/projects/muu-reservation/backend/vendor/laravel/framework/src/Illuminate/Pipeline/Pipeline.php(144): Illuminate\\Routing\\Router->Illuminate\\Routing\\{closure}()
#7 /home/muu-ima/projects/muu-reservation/backend/vendor/laravel/framework/src/Illuminate/Routing/Middleware/SubstituteBindings.php(50): Illuminate\\Pipeline\\Pipeline->Illuminate\\Pipeline\\{closure}()
#8 /home/muu-ima/projects/muu-reservation/backend/vendor/laravel/framework/src/Illuminate/Pipeline/Pipeline.php(183): Illuminate\\Routing\\Middleware\\SubstituteBindings->handle()
#9 /home/muu-ima/projects/muu-reservation/backend/vendor/laravel/framework/src/Illuminate/Routing/Middleware/ThrottleRequests.php(159): Illuminate\\Pipeline\\Pipeline->Illuminate\\Pipeline\\{closure}()
#10 /home/muu-ima/projects/muu-reservation/backend/vendor/laravel/framework/src/Illuminate/Routing/Middleware/ThrottleRequests.php(90): Illuminate\\Routing\\Middleware\\ThrottleRequests->handleRequest()
#11 /home/muu-ima/projects/muu-reservation/backend/vendor/laravel/framework/src/Illuminate/Pipeline/Pipeline.php(183): Illuminate\\Routing\\Middleware\\ThrottleRequests->handle()
#12 /home/muu-ima/projects/muu-reservation/backend/vendor/laravel/framework/src/Illuminate/Pipeline/Pipeline.php(119): Illuminate\\Pipeline\\Pipeline->Illuminate\\Pipeline\\{closure}()
#13 /home/muu-ima/projects/muu-reservation/backend/vendor/laravel/framework/src/Illuminate/Routing/Router.php(805): Illuminate\\Pipeline\\Pipeline->then()
#14 /home/muu-ima/projects/muu-reservation/backend/vendor/laravel/framework/src/Illuminate/Routing/Router.php(784): Illuminate\\Routing\\Router->runRouteWithinStack()
#15 /home/muu-ima/projects/muu-reservation/backend/vendor/laravel/framework/src/Illuminate/Routing/Router.php(748): Illuminate\\Routing\\Router->runRoute()
#16 /home/muu-ima/projects/muu-reservation/backend/vendor/laravel/framework/src/Illuminate/Routing/Router.php(737): Illuminate\\Routing\\Router->dispatchToRoute()
#17 /home/muu-ima/projects/muu-reservation/backend/vendor/laravel/framework/src/Illuminate/Foundation/Http/Kernel.php(200): Illuminate\\Routing\\Router->dispatch()
#18 /home/muu-ima/projects/muu-reservation/backend/vendor/laravel/framework/src/Illuminate/Pipeline/Pipeline.php(144): Illuminate\\Foundation\\Http\\Kernel->Illuminate\\Foundation\\Http\\{closure}()
#19 /home/muu-ima/projects/muu-reservation/backend/vendor/laravel/framework/src/Illuminate/Http/Middleware/TrustProxies.php(57): Illuminate\\Pipeline\\Pipeline->Illuminate\\Pipeline\\{closure}()
#20 /home/muu-ima/projects/muu-reservation/backend/vendor/laravel/framework/src/Illuminate/Pipeline/Pipeline.php(183): Illuminate\\Http\\Middleware\\TrustProxies->handle()
#21 /home/muu-ima/projects/muu-reservation/backend/vendor/laravel/framework/src/Illuminate/Foundation/Http/Middleware/TransformsRequest.php(21): Illuminate\\Pipeline\\Pipeline->Illuminate\\Pipeline\\{closure}()
#22 /home/muu-ima/projects/muu-reservation/backend/vendor/laravel/framework/src/Illuminate/Foundation/Http/Middleware/ConvertEmptyStringsToNull.php(31): Illuminate\\Foundation\\Http\\Middleware\\TransformsRequest->handle()
#23 /home/muu-ima/projects/muu-reservation/backend/vendor/laravel/framework/src/Illuminate/Pipeline/Pipeline.php(183): Illuminate\\Foundation\\Http\\Middleware\\ConvertEmptyStringsToNull->handle()
#24 /home/muu-ima/projects/muu-reservation/backend/vendor/laravel/framework/src/Illuminate/Foundation/Http/Middleware/TransformsRequest.php(21): Illuminate\\Pipeline\\Pipeline->Illuminate\\Pipeline\\{closure}()
#25 /home/muu-ima/projects/muu-reservation/backend/vendor/laravel/framework/src/Illuminate/Foundation/Http/Middleware/TrimStrings.php(50): Illuminate\\Foundation\\Http\\Middleware\\TransformsRequest->handle()
#26 /home/muu-ima/projects/muu-reservation/backend/vendor/laravel/framework/src/Illuminate/Pipeline/Pipeline.php(183): Illuminate\\Foundation\\Http\\Middleware\\TrimStrings->handle()
#27 /home/muu-ima/projects/muu-reservation/backend/vendor/laravel/framework/src/Illuminate/Http/Middleware/ValidatePostSize.php(27): Illuminate\\Pipeline\\Pipeline->Illuminate\\Pipeline\\{closure}()
#28 /home/muu-ima/projects/muu-reservation/backend/vendor/laravel/framework/src/Illuminate/Pipeline/Pipeline.php(183): Illuminate\\Http\\Middleware\\ValidatePostSize->handle()
#29 /home/muu-ima/projects/muu-reservation/backend/vendor/laravel/framework/src/Illuminate/Foundation/Http/Middleware/PreventRequestsDuringMaintenance.php(103): Illuminate\\Pipeline\\Pipeline->Illuminate\\Pipeline\\{closure}()
#30 /home/muu-ima/projects/muu-reservation/backend/vendor/laravel/framework/src/Illuminate/Pipeline/Pipeline.php(183): Illuminate\\Foundation\\Http\\Middleware\\PreventRequestsDuringMaintenance->handle()
#31 /home/muu-ima/projects/muu-reservation/backend/vendor/laravel/framework/src/Illuminate/Pipeline/Pipeline.php(119): Illuminate\\Pipeline\\Pipeline->Illuminate\\Pipeline\\{closure}()
#32 /home/muu-ima/projects/muu-reservation/backend/vendor/laravel/framework/src/Illuminate/Foundation/Http/Kernel.php(175): Illuminate\\Pipeline\\Pipeline->then()
#33 /home/muu-ima/projects/muu-reservation/backend/vendor/laravel/framework/src/Illuminate/Foundation/Http/Kernel.php(144): Illuminate\\Foundation\\Http\\Kernel->sendRequestThroughRouter()
#34 /home/muu-ima/projects/muu-reservation/backend/public/index.php(54): Illuminate\\Foundation\\Http\\Kernel->handle()
#35 /home/muu-ima/projects/muu-reservation/backend/server.php(21): require_once('...')
#36 {main}
"} 
[2025-08-26 05:58:02] local.ERROR: Add [date] to fillable property to allow mass assignment on [App\Reservation]. {"exception":"[object] (Illuminate\\Database\\Eloquent\\MassAssignmentException(code: 0): Add [date] to fillable property to allow mass assignment on [App\\Reservation]. at /home/muu-ima/projects/muu-reservation/backend/vendor/laravel/framework/src/Illuminate/Database/Eloquent/Model.php:525)
[stacktrace]
#0 /home/muu-ima/projects/muu-reservation/backend/vendor/laravel/framework/src/Illuminate/Database/Eloquent/Model.php(614): Illuminate\\Database\\Eloquent\\Model->fill()
#1 /home/muu-ima/projects/muu-reservation/backend/vendor/laravel/framework/src/Illuminate/Database/Eloquent/Builder.php(1540): Illuminate\\Database\\Eloquent\\Model->newInstance()
#2 /home/muu-ima/projects/muu-reservation/backend/vendor/laravel/framework/src/Illuminate/Database/Eloquent/Builder.php(1025): Illuminate\\Database\\Eloquent\\Builder->newModelInstance()
#3 /home/muu-ima/projects/muu-reservation/backend/vendor/laravel/framework/src/Illuminate/Support/Traits/ForwardsCalls.php(23): Illuminate\\Database\\Eloquent\\Builder->create()
#4 /home/muu-ima/projects/muu-reservation/backend/vendor/laravel/framework/src/Illuminate/Database/Eloquent/Model.php(2339): Illuminate\\Database\\Eloquent\\Model->forwardCallTo()
#5 /home/muu-ima/projects/muu-reservation/backend/vendor/laravel/framework/src/Illuminate/Database/Eloquent/Model.php(2351): Illuminate\\Database\\Eloquent\\Model->__call()
#6 /home/muu-ima/projects/muu-reservation/backend/routes/api.php(58): Illuminate\\Database\\Eloquent\\Model::__callStatic()
#7 /home/muu-ima/projects/muu-reservation/backend/vendor/laravel/framework/src/Illuminate/Routing/CallableDispatcher.php(40): Illuminate\\Routing\\RouteFileRegistrar->{closure}()
#8 /home/muu-ima/projects/muu-reservation/backend/vendor/laravel/framework/src/Illuminate/Routing/Route.php(238): Illuminate\\Routing\\CallableDispatcher->dispatch()
#9 /home/muu-ima/projects/muu-reservation/backend/vendor/laravel/framework/src/Illuminate/Routing/Route.php(209): Illuminate\\Routing\\Route->runCallable()
#10 /home/muu-ima/projects/muu-reservation/backend/vendor/laravel/framework/src/Illuminate/Routing/Router.php(806): Illuminate\\Routing\\Route->run()
#11 /home/muu-ima/projects/muu-reservation/backend/vendor/laravel/framework/src/Illuminate/Pipeline/Pipeline.php(144): Illuminate\\Routing\\Router->Illuminate\\Routing\\{closure}()
#12 /home/muu-ima/projects/muu-reservation/backend/vendor/laravel/framework/src/Illuminate/Routing/Middleware/SubstituteBindings.php(50): Illuminate\\Pipeline\\Pipeline->Illuminate\\Pipeline\\{closure}()
#13 /home/muu-ima/projects/muu-reservation/backend/vendor/laravel/framework/src/Illuminate/Pipeline/Pipeline.php(183): Illuminate\\Routing\\Middleware\\SubstituteBindings->handle()
#14 /home/muu-ima/projects/muu-reservation/backend/vendor/laravel/framework/src/Illuminate/Routing/Middleware/ThrottleRequests.php(159): Illuminate\\Pipeline\\Pipeline->Illuminate\\Pipeline\\{closure}()
#15 /home/muu-ima/projects/muu-reservation/backend/vendor/laravel/framework/src/Illuminate/Routing/Middleware/ThrottleRequests.php(90): Illuminate\\Routing\\Middleware\\ThrottleRequests->handleRequest()
#16 /home/muu-ima/projects/muu-reservation/backend/vendor/laravel/framework/src/Illuminate/Pipeline/Pipeline.php(183): Illuminate\\Routing\\Middleware\\ThrottleRequests->handle()
#17 /home/muu-ima/projects/muu-reservation/backend/vendor/laravel/framework/src/Illuminate/Pipeline/Pipeline.php(119): Illuminate\\Pipeline\\Pipeline->Illuminate\\Pipeline\\{closure}()
#18 /home/muu-ima/projects/muu-reservation/backend/vendor/laravel/framework/src/Illuminate/Routing/Router.php(805): Illuminate\\Pipeline\\Pipeline->then()
#19 /home/muu-ima/projects/muu-reservation/backend/vendor/laravel/framework/src/Illuminate/Routing/Router.php(784): Illuminate\\Routing\\Router->runRouteWithinStack()
#20 /home/muu-ima/projects/muu-reservation/backend/vendor/laravel/framework/src/Illuminate/Routing/Router.php(748): Illuminate\\Routing\\Router->runRoute()
#21 /home/muu-ima/projects/muu-reservation/backend/vendor/laravel/framework/src/Illuminate/Routing/Router.php(737): Illuminate\\Routing\\Router->dispatchToRoute()
#22 /home/muu-ima/projects/muu-reservation/backend/vendor/laravel/framework/src/Illuminate/Foundation/Http/Kernel.php(200): Illuminate\\Routing\\Router->dispatch()
#23 /home/muu-ima/projects/muu-reservation/backend/vendor/laravel/framework/src/Illuminate/Pipeline/Pipeline.php(144): Illuminate\\Foundation\\Http\\Kernel->Illuminate\\Foundation\\Http\\{closure}()
#24 /home/muu-ima/projects/muu-reservation/backend/vendor/laravel/framework/src/Illuminate/Http/Middleware/TrustProxies.php(57): Illuminate\\Pipeline\\Pipeline->Illuminate\\Pipeline\\{closure}()
#25 /home/muu-ima/projects/muu-reservation/backend/vendor/laravel/framework/src/Illuminate/Pipeline/Pipeline.php(183): Illuminate\\Http\\Middleware\\TrustProxies->handle()
#26 /home/muu-ima/projects/muu-reservation/backend/vendor/laravel/framework/src/Illuminate/Foundation/Http/Middleware/TransformsRequest.php(21): Illuminate\\Pipeline\\Pipeline->Illuminate\\Pipeline\\{closure}()
#27 /home/muu-ima/projects/muu-reservation/backend/vendor/laravel/framework/src/Illuminate/Foundation/Http/Middleware/ConvertEmptyStringsToNull.php(31): Illuminate\\Foundation\\Http\\Middleware\\TransformsRequest->handle()
#28 /home/muu-ima/projects/muu-reservation/backend/vendor/laravel/framework/src/Illuminate/Pipeline/Pipeline.php(183): Illuminate\\Foundation\\Http\\Middleware\\ConvertEmptyStringsToNull->handle()
#29 /home/muu-ima/projects/muu-reservation/backend/vendor/laravel/framework/src/Illuminate/Foundation/Http/Middleware/TransformsRequest.php(21): Illuminate\\Pipeline\\Pipeline->Illuminate\\Pipeline\\{closure}()
#30 /home/muu-ima/projects/muu-reservation/backend/vendor/laravel/framework/src/Illuminate/Foundation/Http/Middleware/TrimStrings.php(50): Illuminate\\Foundation\\Http\\Middleware\\TransformsRequest->handle()
#31 /home/muu-ima/projects/muu-reservation/backend/vendor/laravel/framework/src/Illuminate/Pipeline/Pipeline.php(183): Illuminate\\Foundation\\Http\\Middleware\\TrimStrings->handle()
#32 /home/muu-ima/projects/muu-reservation/backend/vendor/laravel/framework/src/Illuminate/Http/Middleware/ValidatePostSize.php(27): Illuminate\\Pipeline\\Pipeline->Illuminate\\Pipeline\\{closure}()
#33 /home/muu-ima/projects/muu-reservation/backend/vendor/laravel/framework/src/Illuminate/Pipeline/Pipeline.php(183): Illuminate\\Http\\Middleware\\ValidatePostSize->handle()
#34 /home/muu-ima/projects/muu-reservation/backend/vendor/laravel/framework/src/Illuminate/Foundation/Http/Middleware/PreventRequestsDuringMaintenance.php(103): Illuminate\\Pipeline\\Pipeline->Illuminate\\Pipeline\\{closure}()
#35 /home/muu-ima/projects/muu-reservation/backend/vendor/laravel/framework/src/Illuminate/Pipeline/Pipeline.php(183): Illuminate\\Foundation\\Http\\Middleware\\PreventRequestsDuringMaintenance->handle()
#36 /home/muu-ima/projects/muu-reservation/backend/vendor/laravel/framework/src/Illuminate/Pipeline/Pipeline.php(119): Illuminate\\Pipeline\\Pipeline->Illuminate\\Pipeline\\{closure}()
#37 /home/muu-ima/projects/muu-reservation/backend/vendor/laravel/framework/src/Illuminate/Foundation/Http/Kernel.php(175): Illuminate\\Pipeline\\Pipeline->then()
#38 /home/muu-ima/projects/muu-reservation/backend/vendor/laravel/framework/src/Illuminate/Foundation/Http/Kernel.php(144): Illuminate\\Foundation\\Http\\Kernel->sendRequestThroughRouter()
#39 /home/muu-ima/projects/muu-reservation/backend/public/index.php(54): Illuminate\\Foundation\\Http\\Kernel->handle()
#40 /home/muu-ima/projects/muu-reservation/backend/server.php(21): require_once('...')
#41 {main}
"} 
