[2025-08-29 01:22:41] local.ERROR: Command "route:cleara" is not defined.

Did you mean one of these?
    cache:clear
    config:clear
    event:clear
    optimize:clear
    queue:clear
    route:cache
    route:clear
    route:list
    view:clear {"exception":"[object] (Symfony\\Component\\Console\\Exception\\CommandNotFoundException(code: 0): Command \"route:cleara\" is not defined.

Did you mean one of these?
    cache:clear
    config:clear
    event:clear
    optimize:clear
    queue:clear
    route:cache
    route:clear
    route:list
    view:clear at /home/muu-ima/projects/muu-reservation/backend/vendor/symfony/console/Application.php:704)
[stacktrace]
#0 /home/muu-ima/projects/muu-reservation/backend/vendor/symfony/console/Application.php(260): Symfony\\Component\\Console\\Application->find()
#1 /home/muu-ima/projects/muu-reservation/backend/vendor/symfony/console/Application.php(169): Symfony\\Component\\Console\\Application->doRun()
#2 /home/muu-ima/projects/muu-reservation/backend/vendor/laravel/framework/src/Illuminate/Foundation/Console/Kernel.php(196): Symfony\\Component\\Console\\Application->run()
#3 /home/muu-ima/projects/muu-reservation/backend/artisan(35): Illuminate\\Foundation\\Console\\Kernel->handle()
#4 {main}
"} 
[2025-08-29 01:56:16] local.ERROR: Object of class Closure could not be converted to string {"exception":"[object] (Error(code: 0): Object of class Closure could not be converted to string at /home/muu-ima/projects/muu-reservation/backend/vendor/laravel/framework/src/Illuminate/Routing/RouteRegistrar.php:117)
[stacktrace]
#0 /home/muu-ima/projects/muu-reservation/backend/vendor/laravel/framework/src/Illuminate/Routing/Router.php(1495): Illuminate\\Routing\\RouteRegistrar->attribute()
#1 /home/muu-ima/projects/muu-reservation/backend/vendor/laravel/framework/src/Illuminate/Support/Facades/Facade.php(357): Illuminate\\Routing\\Router->__call()
#2 /home/muu-ima/projects/muu-reservation/backend/routes/api.php(36): Illuminate\\Support\\Facades\\Facade::__callStatic()
#3 /home/muu-ima/projects/muu-reservation/backend/vendor/laravel/framework/src/Illuminate/Routing/RouteFileRegistrar.php(35): require('...')
#4 /home/muu-ima/projects/muu-reservation/backend/vendor/laravel/framework/src/Illuminate/Routing/Router.php(511): Illuminate\\Routing\\RouteFileRegistrar->register()
#5 /home/muu-ima/projects/muu-reservation/backend/vendor/laravel/framework/src/Illuminate/Routing/Router.php(465): Illuminate\\Routing\\Router->loadRoutes()
#6 /home/muu-ima/projects/muu-reservation/backend/vendor/laravel/framework/src/Illuminate/Routing/RouteRegistrar.php(194): Illuminate\\Routing\\Router->group()
#7 /home/muu-ima/projects/muu-reservation/backend/app/Providers/RouteServiceProvider.php(71): Illuminate\\Routing\\RouteRegistrar->group()
#8 /home/muu-ima/projects/muu-reservation/backend/app/Providers/RouteServiceProvider.php(38): App\\Providers\\RouteServiceProvider->mapApiRoutes()
#9 /home/muu-ima/projects/muu-reservation/backend/vendor/laravel/framework/src/Illuminate/Container/BoundMethod.php(36): App\\Providers\\RouteServiceProvider->map()
#10 /home/muu-ima/projects/muu-reservation/backend/vendor/laravel/framework/src/Illuminate/Container/Util.php(41): Illuminate\\Container\\BoundMethod::Illuminate\\Container\\{closure}()
#11 /home/muu-ima/projects/muu-reservation/backend/vendor/laravel/framework/src/Illuminate/Container/BoundMethod.php(93): Illuminate\\Container\\Util::unwrapIfClosure()
#12 /home/muu-ima/projects/muu-reservation/backend/vendor/laravel/framework/src/Illuminate/Container/BoundMethod.php(35): Illuminate\\Container\\BoundMethod::callBoundMethod()
#13 /home/muu-ima/projects/muu-reservation/backend/vendor/laravel/framework/src/Illuminate/Container/Container.php(662): Illuminate\\Container\\BoundMethod::call()
#14 /home/muu-ima/projects/muu-reservation/backend/vendor/laravel/framework/src/Illuminate/Foundation/Support/Providers/RouteServiceProvider.php(144): Illuminate\\Container\\Container->call()
#15 /home/muu-ima/projects/muu-reservation/backend/vendor/laravel/framework/src/Illuminate/Foundation/Support/Providers/RouteServiceProvider.php(52): Illuminate\\Foundation\\Support\\Providers\\RouteServiceProvider->loadRoutes()
#16 /home/muu-ima/projects/muu-reservation/backend/vendor/laravel/framework/src/Illuminate/Container/BoundMethod.php(36): Illuminate\\Foundation\\Support\\Providers\\RouteServiceProvider->Illuminate\\Foundation\\Support\\Providers\\{closure}()
#17 /home/muu-ima/projects/muu-reservation/backend/vendor/laravel/framework/src/Illuminate/Container/Util.php(41): Illuminate\\Container\\BoundMethod::Illuminate\\Container\\{closure}()
#18 /home/muu-ima/projects/muu-reservation/backend/vendor/laravel/framework/src/Illuminate/Container/BoundMethod.php(81): Illuminate\\Container\\Util::unwrapIfClosure()
#19 /home/muu-ima/projects/muu-reservation/backend/vendor/laravel/framework/src/Illuminate/Container/BoundMethod.php(35): Illuminate\\Container\\BoundMethod::callBoundMethod()
#20 /home/muu-ima/projects/muu-reservation/backend/vendor/laravel/framework/src/Illuminate/Container/Container.php(662): Illuminate\\Container\\BoundMethod::call()
#21 /home/muu-ima/projects/muu-reservation/backend/vendor/laravel/framework/src/Illuminate/Support/ServiceProvider.php(126): Illuminate\\Container\\Container->call()
#22 /home/muu-ima/projects/muu-reservation/backend/vendor/laravel/framework/src/Illuminate/Foundation/Application.php(1102): Illuminate\\Support\\ServiceProvider->callBootedCallbacks()
#23 /home/muu-ima/projects/muu-reservation/backend/vendor/laravel/framework/src/Illuminate/Foundation/Application.php(1080): Illuminate\\Foundation\\Application->bootProvider()
#24 [internal function]: Illuminate\\Foundation\\Application->Illuminate\\Foundation\\{closure}()
#25 /home/muu-ima/projects/muu-reservation/backend/vendor/laravel/framework/src/Illuminate/Foundation/Application.php(1079): array_walk()
#26 /home/muu-ima/projects/muu-reservation/backend/vendor/laravel/framework/src/Illuminate/Foundation/Bootstrap/BootProviders.php(17): Illuminate\\Foundation\\Application->boot()
#27 /home/muu-ima/projects/muu-reservation/backend/vendor/laravel/framework/src/Illuminate/Foundation/Application.php(309): Illuminate\\Foundation\\Bootstrap\\BootProviders->bootstrap()
#28 /home/muu-ima/projects/muu-reservation/backend/vendor/laravel/framework/src/Illuminate/Foundation/Console/Kernel.php(470): Illuminate\\Foundation\\Application->bootstrapWith()
#29 /home/muu-ima/projects/muu-reservation/backend/vendor/laravel/framework/src/Illuminate/Foundation/Console/Kernel.php(194): Illuminate\\Foundation\\Console\\Kernel->bootstrap()
#30 /home/muu-ima/projects/muu-reservation/backend/artisan(35): Illuminate\\Foundation\\Console\\Kernel->handle()
#31 {main}
"} 
[2025-08-29 01:56:39] local.ERROR: Object of class Closure could not be converted to string {"exception":"[object] (Error(code: 0): Object of class Closure could not be converted to string at /home/muu-ima/projects/muu-reservation/backend/vendor/laravel/framework/src/Illuminate/Routing/RouteRegistrar.php:117)
[stacktrace]
#0 /home/muu-ima/projects/muu-reservation/backend/vendor/laravel/framework/src/Illuminate/Routing/Router.php(1495): Illuminate\\Routing\\RouteRegistrar->attribute()
#1 /home/muu-ima/projects/muu-reservation/backend/vendor/laravel/framework/src/Illuminate/Support/Facades/Facade.php(357): Illuminate\\Routing\\Router->__call()
#2 /home/muu-ima/projects/muu-reservation/backend/routes/api.php(36): Illuminate\\Support\\Facades\\Facade::__callStatic()
#3 /home/muu-ima/projects/muu-reservation/backend/vendor/laravel/framework/src/Illuminate/Routing/RouteFileRegistrar.php(35): require('...')
#4 /home/muu-ima/projects/muu-reservation/backend/vendor/laravel/framework/src/Illuminate/Routing/Router.php(511): Illuminate\\Routing\\RouteFileRegistrar->register()
#5 /home/muu-ima/projects/muu-reservation/backend/vendor/laravel/framework/src/Illuminate/Routing/Router.php(465): Illuminate\\Routing\\Router->loadRoutes()
#6 /home/muu-ima/projects/muu-reservation/backend/vendor/laravel/framework/src/Illuminate/Routing/RouteRegistrar.php(194): Illuminate\\Routing\\Router->group()
#7 /home/muu-ima/projects/muu-reservation/backend/app/Providers/RouteServiceProvider.php(71): Illuminate\\Routing\\RouteRegistrar->group()
#8 /home/muu-ima/projects/muu-reservation/backend/app/Providers/RouteServiceProvider.php(38): App\\Providers\\RouteServiceProvider->mapApiRoutes()
#9 /home/muu-ima/projects/muu-reservation/backend/vendor/laravel/framework/src/Illuminate/Container/BoundMethod.php(36): App\\Providers\\RouteServiceProvider->map()
#10 /home/muu-ima/projects/muu-reservation/backend/vendor/laravel/framework/src/Illuminate/Container/Util.php(41): Illuminate\\Container\\BoundMethod::Illuminate\\Container\\{closure}()
#11 /home/muu-ima/projects/muu-reservation/backend/vendor/laravel/framework/src/Illuminate/Container/BoundMethod.php(93): Illuminate\\Container\\Util::unwrapIfClosure()
#12 /home/muu-ima/projects/muu-reservation/backend/vendor/laravel/framework/src/Illuminate/Container/BoundMethod.php(35): Illuminate\\Container\\BoundMethod::callBoundMethod()
#13 /home/muu-ima/projects/muu-reservation/backend/vendor/laravel/framework/src/Illuminate/Container/Container.php(662): Illuminate\\Container\\BoundMethod::call()
#14 /home/muu-ima/projects/muu-reservation/backend/vendor/laravel/framework/src/Illuminate/Foundation/Support/Providers/RouteServiceProvider.php(144): Illuminate\\Container\\Container->call()
#15 /home/muu-ima/projects/muu-reservation/backend/vendor/laravel/framework/src/Illuminate/Foundation/Support/Providers/RouteServiceProvider.php(52): Illuminate\\Foundation\\Support\\Providers\\RouteServiceProvider->loadRoutes()
#16 /home/muu-ima/projects/muu-reservation/backend/vendor/laravel/framework/src/Illuminate/Container/BoundMethod.php(36): Illuminate\\Foundation\\Support\\Providers\\RouteServiceProvider->Illuminate\\Foundation\\Support\\Providers\\{closure}()
#17 /home/muu-ima/projects/muu-reservation/backend/vendor/laravel/framework/src/Illuminate/Container/Util.php(41): Illuminate\\Container\\BoundMethod::Illuminate\\Container\\{closure}()
#18 /home/muu-ima/projects/muu-reservation/backend/vendor/laravel/framework/src/Illuminate/Container/BoundMethod.php(81): Illuminate\\Container\\Util::unwrapIfClosure()
#19 /home/muu-ima/projects/muu-reservation/backend/vendor/laravel/framework/src/Illuminate/Container/BoundMethod.php(35): Illuminate\\Container\\BoundMethod::callBoundMethod()
#20 /home/muu-ima/projects/muu-reservation/backend/vendor/laravel/framework/src/Illuminate/Container/Container.php(662): Illuminate\\Container\\BoundMethod::call()
#21 /home/muu-ima/projects/muu-reservation/backend/vendor/laravel/framework/src/Illuminate/Support/ServiceProvider.php(126): Illuminate\\Container\\Container->call()
#22 /home/muu-ima/projects/muu-reservation/backend/vendor/laravel/framework/src/Illuminate/Foundation/Application.php(1102): Illuminate\\Support\\ServiceProvider->callBootedCallbacks()
#23 /home/muu-ima/projects/muu-reservation/backend/vendor/laravel/framework/src/Illuminate/Foundation/Application.php(1080): Illuminate\\Foundation\\Application->bootProvider()
#24 [internal function]: Illuminate\\Foundation\\Application->Illuminate\\Foundation\\{closure}()
#25 /home/muu-ima/projects/muu-reservation/backend/vendor/laravel/framework/src/Illuminate/Foundation/Application.php(1079): array_walk()
#26 /home/muu-ima/projects/muu-reservation/backend/vendor/laravel/framework/src/Illuminate/Foundation/Bootstrap/BootProviders.php(17): Illuminate\\Foundation\\Application->boot()
#27 /home/muu-ima/projects/muu-reservation/backend/vendor/laravel/framework/src/Illuminate/Foundation/Application.php(309): Illuminate\\Foundation\\Bootstrap\\BootProviders->bootstrap()
#28 /home/muu-ima/projects/muu-reservation/backend/vendor/laravel/framework/src/Illuminate/Foundation/Console/Kernel.php(470): Illuminate\\Foundation\\Application->bootstrapWith()
#29 /home/muu-ima/projects/muu-reservation/backend/vendor/laravel/framework/src/Illuminate/Foundation/Console/Kernel.php(194): Illuminate\\Foundation\\Console\\Kernel->bootstrap()
#30 /home/muu-ima/projects/muu-reservation/backend/artisan(35): Illuminate\\Foundation\\Console\\Kernel->handle()
#31 {main}
"} 
